{"/Users/D070292/Projects/private/svelte-sankey/src/testdata/data.customdata.ts":{"path":"/Users/D070292/Projects/private/svelte-sankey/src/testdata/data.customdata.ts","statementMap":{"0":{"start":{"line":1,"column":26},"end":{"line":128,"column":1}}},"fnMap":{},"branchMap":{},"s":{"0":1},"f":{},"b":{},"inputSourceMap":{"version":3,"sources":["/Users/D070292/Projects/private/svelte-sankey/src/testdata/data.customdata.ts"],"mappings":"AAEO,aAAM,aAAyB;AAAA,EACpC,MAAM;AAAA,IACJ;AAAA,MACE,IAAI;AAAA,MACJ,aAAa;AAAA,MACb,MAAM;AAAA,QACJ;AAAA,UACE,UAAU;AAAA,UACV,OAAO;AAAA,YACL;AAAA,cACE,IAAI;AAAA,cACJ,OAAO;AAAA,cACP,OAAO;AAAA,gBACL;AAAA,kBACE,QAAQ;AAAA,kBACR,OAAO;AAAA,kBACP,aAAa;AAAA,kBACb,kBAAkB;AAAA,gBACpB;AAAA,cACF;AAAA,cACA,MAAM;AAAA,gBACJ,YAAY;AAAA,cACd;AAAA,cACA,aAAa;AAAA,YACf;AAAA,YACA;AAAA,cACE,IAAI;AAAA,cACJ,OAAO;AAAA,cACP,OAAO;AAAA,gBACL;AAAA,kBACE,QAAQ;AAAA,kBACR,OAAO;AAAA,kBACP,aAAa;AAAA,kBACb,kBAAkB;AAAA,gBACpB;AAAA,cACF;AAAA,cACA,MAAM;AAAA,gBACJ,YAAY;AAAA,cACd;AAAA,cACA,aAAa;AAAA,YACf;AAAA,UACF;AAAA,QACF;AAAA,QACA;AAAA,UACE,UAAU;AAAA,UACV,OAAO;AAAA,YACL;AAAA,cACE,IAAI;AAAA,cACJ,OAAO;AAAA,cACP,OAAO;AAAA,gBACL;AAAA,kBACE,QAAQ;AAAA,kBACR,OAAO;AAAA,kBACP,aAAa;AAAA,kBACb,kBAAkB;AAAA,gBACpB;AAAA,cACF;AAAA,cACA,MAAM;AAAA,gBACJ,YAAY;AAAA,cACd;AAAA,cACA,aAAa;AAAA,YACf;AAAA,UACF;AAAA,QACF;AAAA,MACF;AAAA,IACF;AAAA,IACA;AAAA,MACE,IAAI;AAAA,MACJ,aAAa;AAAA,MACb,MAAM;AAAA,QACJ;AAAA,UACE,UAAU;AAAA,UACV,OAAO;AAAA,YACL;AAAA,cACE,IAAI;AAAA,cACJ,OAAO;AAAA,cACP,OAAO;AAAA,gBACL;AAAA,kBACE,QAAQ;AAAA,kBACR,OAAO;AAAA,kBACP,aAAa;AAAA,kBACb,kBAAkB;AAAA,gBACpB;AAAA,gBACA;AAAA,kBACE,QAAQ;AAAA,kBACR,OAAO;AAAA,kBACP,aAAa;AAAA,kBACb,kBAAkB;AAAA,gBACpB;AAAA,cACF;AAAA,cACA,MAAM;AAAA,gBACJ,YAAY;AAAA,cACd;AAAA,cACA,aAAa;AAAA,YACf;AAAA,UACF;AAAA,QACF;AAAA,MACF;AAAA,IACF;AAAA,IACA;AAAA,MACE,IAAI;AAAA,MACJ,aAAa;AAAA,MACb,MAAM;AAAA,QACJ;AAAA,UACE,UAAU;AAAA,UACV,OAAO;AAAA,YACL;AAAA,cACE,IAAI;AAAA,cACJ,OAAO;AAAA,cACP,MAAM;AAAA,gBACJ,YAAY;AAAA,cACd;AAAA,cACA,aAAa;AAAA,YACf;AAAA,YACA;AAAA,cACE,IAAI;AAAA,cACJ,OAAO;AAAA,cACP,MAAM;AAAA,gBACJ,YAAY;AAAA,cACd;AAAA,cACA,aAAa;AAAA,YACf;AAAA,UACF;AAAA,QACF;AAAA,MACF;AAAA,IACF;AAAA,EACF;AACF;","names":[]},"_coverageSchema":"1a1c01bbd47fc00a2c39e90264f33305004495a9","hash":"e91e4d4fe338b2c4bb4afb8223c1c8b24243dd0a"},"/Users/D070292/Projects/private/svelte-sankey/src/testdata/data.bigger.ts":{"path":"/Users/D070292/Projects/private/svelte-sankey/src/testdata/data.bigger.ts","statementMap":{"0":{"start":{"line":1,"column":26},"end":{"line":163,"column":1}}},"fnMap":{},"branchMap":{},"s":{"0":1},"f":{},"b":{},"inputSourceMap":{"version":3,"sources":["/Users/D070292/Projects/private/svelte-sankey/src/testdata/data.bigger.ts"],"mappings":"AAEO,aAAM,aAAyB;AAAA,EACpC,MAAM;AAAA,IACJ;AAAA,MACE,IAAI;AAAA,MACJ,aAAa;AAAA,MACb,MAAM;AAAA,QACJ;AAAA,UACE,UAAU;AAAA,UACV,OAAO;AAAA,YACL;AAAA,cACE,IAAI;AAAA,cACJ,OAAO;AAAA,cACP,OAAO;AAAA,gBACL;AAAA,kBACE,QAAQ;AAAA,kBACR,OAAO;AAAA,gBACT;AAAA,gBACA;AAAA,kBACE,QAAQ;AAAA,kBACR,OAAO;AAAA,gBACT;AAAA,cACF;AAAA,YACF;AAAA,YACA;AAAA,cACE,IAAI;AAAA,cACJ,OAAO;AAAA,cACP,OAAO,CAAC,EAAE,QAAQ,iBAAiB,OAAO,GAAG,CAAC;AAAA,YAChD;AAAA,YACA;AAAA,cACE,IAAI;AAAA,cACJ,OAAO;AAAA,cACP,OAAO;AAAA,gBACL;AAAA,kBACE,QAAQ;AAAA,kBACR,OAAO;AAAA,gBACT;AAAA,cACF;AAAA,YACF;AAAA,YACA;AAAA,cACE,IAAI;AAAA,cACJ,OAAO;AAAA,cACP,OAAO;AAAA,gBACL;AAAA,kBACE,QAAQ;AAAA,kBACR,OAAO;AAAA,gBACT;AAAA,gBACA;AAAA,kBACE,QAAQ;AAAA,kBACR,OAAO;AAAA,gBACT;AAAA,cACF;AAAA,YACF;AAAA,UACF;AAAA,QACF;AAAA,QACA;AAAA,UACE,UAAU;AAAA,UACV,OAAO;AAAA,YACL;AAAA,cACE,IAAI;AAAA,cACJ,OAAO;AAAA,cACP,OAAO;AAAA,gBACL;AAAA,kBACE,QAAQ;AAAA,kBACR,OAAO;AAAA,gBACT;AAAA,gBACA;AAAA,kBACE,QAAQ;AAAA,kBACR,OAAO;AAAA,gBACT;AAAA,cACF;AAAA,YACF;AAAA,YACA;AAAA,cACE,IAAI;AAAA,cACJ,OAAO;AAAA,cACP,OAAO;AAAA,gBACL;AAAA,kBACE,QAAQ;AAAA,kBACR,OAAO;AAAA,gBACT;AAAA,cACF;AAAA,YACF;AAAA,YACA;AAAA,cACE,IAAI;AAAA,cACJ,OAAO;AAAA,cACP,OAAO;AAAA,gBACL;AAAA,kBACE,QAAQ;AAAA,kBACR,OAAO;AAAA,gBACT;AAAA,gBACA;AAAA,kBACE,QAAQ;AAAA,kBACR,OAAO;AAAA,gBACT;AAAA,cACF;AAAA,YACF;AAAA,YACA;AAAA,cACE,IAAI;AAAA,cACJ,OAAO;AAAA,cACP,OAAO;AAAA,gBACL;AAAA,kBACE,QAAQ;AAAA,kBACR,OAAO;AAAA,gBACT;AAAA,cACF;AAAA,YACF;AAAA,UACF;AAAA,QACF;AAAA,MACF;AAAA,IACF;AAAA,IACA;AAAA,MACE,IAAI;AAAA,MACJ,aAAa;AAAA,MACb,MAAM;AAAA,QACJ;AAAA,UACE,UAAU;AAAA,UACV,OAAO;AAAA,YACL;AAAA,cACE,IAAI;AAAA,cACJ,OAAO;AAAA,cACP,OAAO;AAAA,gBACL;AAAA,kBACE,QAAQ;AAAA,kBACR,OAAO;AAAA,gBACT;AAAA,gBACA;AAAA,kBACE,QAAQ;AAAA,kBACR,OAAO;AAAA,gBACT;AAAA,cACF;AAAA,YACF;AAAA,YACA;AAAA,cACE,IAAI;AAAA,cACJ,OAAO;AAAA,cACP,OAAO;AAAA,gBACL;AAAA,kBACE,QAAQ;AAAA,kBACR,OAAO;AAAA,gBACT;AAAA,gBACA;AAAA,kBACE,QAAQ;AAAA,kBACR,OAAO;AAAA,gBACT;AAAA,cACF;AAAA,YACF;AAAA,UACF;AAAA,QACF;AAAA,MACF;AAAA,IACF;AAAA,IACA;AAAA,MACE,IAAI;AAAA,MACJ,aAAa;AAAA,MACb,MAAM;AAAA,QACJ;AAAA,UACE,UAAU;AAAA,UACV,OAAO;AAAA,YACL,EAAE,IAAI,aAAa,OAAO,kBAAkB;AAAA,YAC5C,EAAE,IAAI,aAAa,OAAO,kBAAkB;AAAA,UAC9C;AAAA,QACF;AAAA,MACF;AAAA,IACF;AAAA,EACF;AACF;","names":[]},"_coverageSchema":"1a1c01bbd47fc00a2c39e90264f33305004495a9","hash":"feda04bd193542220f2ff0bb3a4fc4a348e54fb3"},"/Users/D070292/Projects/private/svelte-sankey/src/testdata/data.negatives.ts":{"path":"/Users/D070292/Projects/private/svelte-sankey/src/testdata/data.negatives.ts","statementMap":{"0":{"start":{"line":1,"column":26},"end":{"line":96,"column":1}}},"fnMap":{},"branchMap":{},"s":{"0":1},"f":{},"b":{},"inputSourceMap":{"version":3,"sources":["/Users/D070292/Projects/private/svelte-sankey/src/testdata/data.negatives.ts"],"mappings":"AAEO,aAAM,aAAyB;AAAA,EACpC,MAAM;AAAA,IACJ;AAAA,MACE,IAAI;AAAA,MACJ,aAAa;AAAA,MACb,MAAM;AAAA,QACJ;AAAA,UACE,UAAU;AAAA,UACV,OAAO;AAAA,YACL;AAAA,cACE,IAAI;AAAA,cACJ,OAAO;AAAA,cACP,OAAO;AAAA,gBACL;AAAA,kBACE,QAAQ;AAAA,kBACR,OAAO;AAAA,gBACT;AAAA,cACF;AAAA,YACF;AAAA,YACA;AAAA,cACE,IAAI;AAAA,cACJ,OAAO;AAAA,cACP,OAAO;AAAA,gBACL;AAAA,kBACE,QAAQ;AAAA,kBACR,OAAO;AAAA,gBACT;AAAA,cACF;AAAA,YACF;AAAA,YACA;AAAA,cACE,IAAI;AAAA,cACJ,OAAO;AAAA,cACP,OAAO;AAAA,gBACL;AAAA,kBACE,QAAQ;AAAA,kBACR,OAAO;AAAA,gBACT;AAAA,cACF;AAAA,YACF;AAAA,YACA;AAAA,cACE,IAAI;AAAA,cACJ,OAAO;AAAA,cACP,OAAO;AAAA,gBACL;AAAA,kBACE,QAAQ;AAAA,kBACR,OAAO;AAAA,gBACT;AAAA,cACF;AAAA,YACF;AAAA,YACA;AAAA,cACE,IAAI;AAAA,cACJ,OAAO;AAAA,cACP,OAAO;AAAA,gBACL;AAAA,kBACE,QAAQ;AAAA,kBACR,OAAO;AAAA,gBACT;AAAA,cACF;AAAA,YACF;AAAA,UACF;AAAA,QACF;AAAA,MACF;AAAA,IACF;AAAA,IACA;AAAA,MACE,IAAI;AAAA,MACJ,aAAa;AAAA,MACb,MAAM;AAAA,QACJ;AAAA,UACE,UAAU;AAAA,UACV,OAAO;AAAA,YACL;AAAA,cACE,IAAI;AAAA,cACJ,OAAO;AAAA,cACP,OAAO;AAAA,gBACL;AAAA,kBACE,QAAQ;AAAA,kBACR,OAAO;AAAA,gBACT;AAAA,cACF;AAAA,YACF;AAAA,UACF;AAAA,QACF;AAAA,MACF;AAAA,IACF;AAAA,IACA;AAAA,MACE,IAAI;AAAA,MACJ,aAAa;AAAA,MACb,MAAM;AAAA,QACJ;AAAA,UACE,UAAU;AAAA,UACV,OAAO,CAAC,EAAE,IAAI,aAAa,OAAO,kBAAkB,CAAC;AAAA,QACvD;AAAA,MACF;AAAA,IACF;AAAA,EACF;AACF;","names":[]},"_coverageSchema":"1a1c01bbd47fc00a2c39e90264f33305004495a9","hash":"19a0ab2dc5eb049514cbeeae610e68034cc6f2c4"},"/Users/D070292/Projects/private/svelte-sankey/src/lib/helper.ts":{"path":"/Users/D070292/Projects/private/svelte-sankey/src/lib/helper.ts","statementMap":{"0":{"start":{"line":1,"column":26},"end":{"line":3,"column":1}},"1":{"start":{"line":2,"column":2},"end":{"line":2,"column":62}},"2":{"start":{"line":4,"column":24},"end":{"line":6,"column":1}},"3":{"start":{"line":5,"column":2},"end":{"line":5,"column":63}},"4":{"start":{"line":7,"column":26},"end":{"line":16,"column":1}},"5":{"start":{"line":8,"column":31},"end":{"line":8,"column":36}},"6":{"start":{"line":9,"column":2},"end":{"line":11,"column":3}},"7":{"start":{"line":10,"column":4},"end":{"line":10,"column":13}},"8":{"start":{"line":12,"column":2},"end":{"line":14,"column":3}},"9":{"start":{"line":13,"column":4},"end":{"line":13,"column":20}},"10":{"start":{"line":15,"column":2},"end":{"line":15,"column":57}}},"fnMap":{"0":{"name":"(anonymous_0)","decl":{"start":{"line":1,"column":26},"end":{"line":1,"column":27}},"loc":{"start":{"line":1,"column":58},"end":{"line":3,"column":1}},"line":1},"1":{"name":"(anonymous_1)","decl":{"start":{"line":4,"column":24},"end":{"line":4,"column":25}},"loc":{"start":{"line":4,"column":56},"end":{"line":6,"column":1}},"line":4},"2":{"name":"(anonymous_2)","decl":{"start":{"line":7,"column":26},"end":{"line":7,"column":27}},"loc":{"start":{"line":7,"column":64},"end":{"line":16,"column":1}},"line":7}},"branchMap":{"0":{"loc":{"start":{"line":9,"column":2},"end":{"line":11,"column":3}},"type":"if","locations":[{"start":{"line":9,"column":2},"end":{"line":11,"column":3}},{"start":{},"end":{}}],"line":9},"1":{"loc":{"start":{"line":9,"column":6},"end":{"line":9,"column":51}},"type":"binary-expr","locations":[{"start":{"line":9,"column":6},"end":{"line":9,"column":18}},{"start":{"line":9,"column":22},"end":{"line":9,"column":33}},{"start":{"line":9,"column":37},"end":{"line":9,"column":51}}],"line":9},"2":{"loc":{"start":{"line":12,"column":2},"end":{"line":14,"column":3}},"type":"if","locations":[{"start":{"line":12,"column":2},"end":{"line":14,"column":3}},{"start":{},"end":{}}],"line":12}},"s":{"0":1,"1":0,"2":1,"3":0,"4":1,"5":40,"6":40,"7":0,"8":40,"9":0,"10":40},"f":{"0":0,"1":0,"2":40},"b":{"0":[0,40],"1":[40,40,40],"2":[0,40]},"inputSourceMap":{"version":3,"sources":["/Users/D070292/Projects/private/svelte-sankey/src/lib/helper.ts"],"mappings":"AAAO,aAAM,aAAa,CACxB,YACG,mBACA;AACH,UAAQ,KAAK,mBAAmB,SAAS,GAAG,cAAc;AAC5D;AACO,aAAM,WAAW,CACtB,YACG,mBACA;AACH,UAAQ,MAAM,mBAAmB,SAAS,GAAG,cAAc;AAC7D;AASO,aAAM,aAAa,CACxB,OACA,OACA,UACA,aACW;AACX,QAAM,CAAC,UAAU,QAAQ,IAAI;AAC7B,MAAI,MAAM,KAAK,KAAK,UAAU,KAAK,aAAa,GAAG;AACjD,WAAO;AAAA,EACT;AACA,MAAI,aAAa,UAAU;AACzB,WAAO;AAAA,EACT;AACA,SAAO,KAAK,IAAI,UAAW,QAAQ,WAAY,QAAQ;AACzD;","names":[]},"_coverageSchema":"1a1c01bbd47fc00a2c39e90264f33305004495a9","hash":"a019394e81057a7d3bd55d65ba8c7098d917a4bc"},"/Users/D070292/Projects/private/svelte-sankey/src/lib/stores/data.svelte.ts":{"path":"/Users/D070292/Projects/private/svelte-sankey/src/lib/stores/data.svelte.ts","statementMap":{"0":{"start":{"line":5,"column":24},"end":{"line":23,"column":1}},"1":{"start":{"line":6,"column":18},"end":{"line":6,"column":29}},"2":{"start":{"line":8,"column":19},"end":{"line":10,"column":2}},"3":{"start":{"line":9,"column":2},"end":{"line":9,"column":33}},"4":{"start":{"line":12,"column":22},"end":{"line":14,"column":2}},"5":{"start":{"line":13,"column":2},"end":{"line":13,"column":31}},"6":{"start":{"line":16,"column":1},"end":{"line":22,"column":3}},"7":{"start":{"line":18,"column":3},"end":{"line":18,"column":21}},"8":{"start":{"line":25,"column":25},"end":{"line":25,"column":42}}},"fnMap":{"0":{"name":"(anonymous_0)","decl":{"start":{"line":5,"column":24},"end":{"line":5,"column":25}},"loc":{"start":{"line":5,"column":30},"end":{"line":23,"column":1}},"line":5},"1":{"name":"(anonymous_1)","decl":{"start":{"line":8,"column":19},"end":{"line":8,"column":20}},"loc":{"start":{"line":8,"column":31},"end":{"line":10,"column":2}},"line":8},"2":{"name":"(anonymous_2)","decl":{"start":{"line":12,"column":22},"end":{"line":12,"column":23}},"loc":{"start":{"line":12,"column":34},"end":{"line":14,"column":2}},"line":12},"3":{"name":"(anonymous_3)","decl":{"start":{"line":17,"column":2},"end":{"line":17,"column":3}},"loc":{"start":{"line":17,"column":14},"end":{"line":19,"column":3}},"line":17}},"branchMap":{},"s":{"0":1,"1":1,"2":1,"3":3,"4":1,"5":0,"6":1,"7":17,"8":1},"f":{"0":1,"1":3,"2":0,"3":17},"b":{},"inputSourceMap":{"version":3,"mappings":";;SACS,gBAAgB;;MAInB;KACAA;;OAEE,aAAa;EAIjBA,WAAU,OAAO,EAAE,IAAI;;;OAInB,gBAAgB;SACbA,WAAU,OAAO,EAAE;;;;MAItB;UACKA;;EAET;EACA;;;;aAIS,YAAY","names":["dataStore"],"ignoreList":[],"sources":["/Users/D070292/Projects/private/svelte-sankey/src/lib/stores/data.svelte.ts"],"file":"/Users/D070292/Projects/private/svelte-sankey/src/lib/stores/data.svelte.ts"},"_coverageSchema":"1a1c01bbd47fc00a2c39e90264f33305004495a9","hash":"b6ecad8bae9336b9c122ca365edbd5ddba56c6e8"},"/Users/D070292/Projects/private/svelte-sankey/src/lib/stores/links.svelte.ts":{"path":"/Users/D070292/Projects/private/svelte-sankey/src/lib/stores/links.svelte.ts","statementMap":{"0":{"start":{"line":4,"column":25},"end":{"line":28,"column":1}},"1":{"start":{"line":5,"column":19},"end":{"line":5,"column":30}},"2":{"start":{"line":7,"column":13},"end":{"line":15,"column":2}},"3":{"start":{"line":8,"column":2},"end":{"line":14,"column":4}},"4":{"start":{"line":17,"column":16},"end":{"line":19,"column":2}},"5":{"start":{"line":18,"column":2},"end":{"line":18,"column":54}},"6":{"start":{"line":21,"column":1},"end":{"line":27,"column":3}},"7":{"start":{"line":23,"column":3},"end":{"line":23,"column":22}},"8":{"start":{"line":30,"column":26},"end":{"line":30,"column":44}}},"fnMap":{"0":{"name":"(anonymous_0)","decl":{"start":{"line":4,"column":25},"end":{"line":4,"column":26}},"loc":{"start":{"line":4,"column":31},"end":{"line":28,"column":1}},"line":4},"1":{"name":"(anonymous_1)","decl":{"start":{"line":7,"column":13},"end":{"line":7,"column":14}},"loc":{"start":{"line":7,"column":26},"end":{"line":15,"column":2}},"line":7},"2":{"name":"(anonymous_2)","decl":{"start":{"line":17,"column":16},"end":{"line":17,"column":17}},"loc":{"start":{"line":17,"column":26},"end":{"line":19,"column":2}},"line":17},"3":{"name":"(anonymous_3)","decl":{"start":{"line":22,"column":2},"end":{"line":22,"column":3}},"loc":{"start":{"line":22,"column":14},"end":{"line":24,"column":3}},"line":22}},"branchMap":{"0":{"loc":{"start":{"line":11,"column":10},"end":{"line":11,"column":48}},"type":"cond-expr","locations":[{"start":{"line":11,"column":31},"end":{"line":11,"column":32}},{"start":{"line":11,"column":35},"end":{"line":11,"column":48}}],"line":11}},"s":{"0":1,"1":1,"2":1,"3":8,"4":1,"5":0,"6":1,"7":55,"8":1},"f":{"0":1,"1":8,"2":0,"3":55},"b":{"0":[0,8]},"inputSourceMap":{"version":3,"mappings":";;;MAYM;KACEA;;OAEE,OAAO;EACTA,eAAc,QAAQ,MAAM,IAAI,QAAQ,MAAM;GAC1C,QAAQ,QAAQ;GAChB,QAAQ,QAAQ;GAChB,OAAO,QAAQ,SAAS,IAAI,IAAI,QAAQ;GACxC,aAAa,QAAQ;GACrB,kBAAkB,QAAQ;;;;OAI5B,UAAU;SACLA,eAAc,KAAK,MAAM,IAAI,KAAK,MAAM;;;;MAI3C;UACOA;;EAEX;EACA;;;;aAIK,aAAa","names":["linksStore"],"ignoreList":[],"sources":["/Users/D070292/Projects/private/svelte-sankey/src/lib/stores/links.svelte.ts"],"file":"/Users/D070292/Projects/private/svelte-sankey/src/lib/stores/links.svelte.ts"},"_coverageSchema":"1a1c01bbd47fc00a2c39e90264f33305004495a9","hash":"69d9ee25b0c777f3345213da0b0bafd97c2b5eae"},"/Users/D070292/Projects/private/svelte-sankey/src/lib/stores/anchors.svelte.ts":{"path":"/Users/D070292/Projects/private/svelte-sankey/src/lib/stores/anchors.svelte.ts","statementMap":{"0":{"start":{"line":4,"column":27},"end":{"line":24,"column":1}},"1":{"start":{"line":5,"column":21},"end":{"line":5,"column":32}},"2":{"start":{"line":7,"column":19},"end":{"line":11,"column":2}},"3":{"start":{"line":8,"column":26},"end":{"line":8,"column":32}},"4":{"start":{"line":10,"column":2},"end":{"line":10,"column":27}},"5":{"start":{"line":13,"column":16},"end":{"line":15,"column":2}},"6":{"start":{"line":14,"column":2},"end":{"line":14,"column":33}},"7":{"start":{"line":17,"column":1},"end":{"line":23,"column":3}},"8":{"start":{"line":19,"column":3},"end":{"line":19,"column":24}},"9":{"start":{"line":26,"column":28},"end":{"line":26,"column":48}}},"fnMap":{"0":{"name":"(anonymous_0)","decl":{"start":{"line":4,"column":27},"end":{"line":4,"column":28}},"loc":{"start":{"line":4,"column":33},"end":{"line":24,"column":1}},"line":4},"1":{"name":"(anonymous_1)","decl":{"start":{"line":7,"column":19},"end":{"line":7,"column":20}},"loc":{"start":{"line":7,"column":31},"end":{"line":11,"column":2}},"line":7},"2":{"name":"(anonymous_2)","decl":{"start":{"line":13,"column":16},"end":{"line":13,"column":17}},"loc":{"start":{"line":13,"column":30},"end":{"line":15,"column":2}},"line":13},"3":{"name":"(anonymous_3)","decl":{"start":{"line":18,"column":2},"end":{"line":18,"column":3}},"loc":{"start":{"line":18,"column":14},"end":{"line":20,"column":3}},"line":18}},"branchMap":{},"s":{"0":1,"1":1,"2":1,"3":15,"4":15,"5":1,"6":0,"7":1,"8":67,"9":1},"f":{"0":1,"1":15,"2":0,"3":67},"b":{},"inputSourceMap":{"version":3,"mappings":";;;MAiBM;KACAA;;OAEE,aAAa;UACT,OAAO,SAAS;;EACxBA,cAAa,EAAE,IAAI;;;OAGf,UAAU;SACPA,cAAa,QAAQ;;;;MAIxB;UACKA;;EAET;EACA;;;;aAIS,eAAe","names":["anchorsStore"],"ignoreList":[],"sources":["/Users/D070292/Projects/private/svelte-sankey/src/lib/stores/anchors.svelte.ts"],"file":"/Users/D070292/Projects/private/svelte-sankey/src/lib/stores/anchors.svelte.ts"},"_coverageSchema":"1a1c01bbd47fc00a2c39e90264f33305004495a9","hash":"43f90b3704b6ed05995c76380292f5c8a174ba65"},"/Users/D070292/Projects/private/svelte-sankey/src/lib/stores/items.svelte.ts":{"path":"/Users/D070292/Projects/private/svelte-sankey/src/lib/stores/items.svelte.ts","statementMap":{"0":{"start":{"line":8,"column":25},"end":{"line":59,"column":1}},"1":{"start":{"line":9,"column":18},"end":{"line":50,"column":2}},"2":{"start":{"line":10,"column":17},"end":{"line":10,"column":19}},"3":{"start":{"line":12,"column":2},"end":{"line":47,"column":3}},"4":{"start":{"line":13,"column":3},"end":{"line":46,"column":4}},"5":{"start":{"line":14,"column":4},"end":{"line":45,"column":5}},"6":{"start":{"line":15,"column":5},"end":{"line":44,"column":6}},"7":{"start":{"line":16,"column":22},"end":{"line":16,"column":24}},"8":{"start":{"line":17,"column":22},"end":{"line":17,"column":24}},"9":{"start":{"line":19,"column":6},"end":{"line":27,"column":7}},"10":{"start":{"line":20,"column":7},"end":{"line":22,"column":8}},"11":{"start":{"line":21,"column":8},"end":{"line":21,"column":61}},"12":{"start":{"line":24,"column":7},"end":{"line":26,"column":8}},"13":{"start":{"line":25,"column":8},"end":{"line":25,"column":61}},"14":{"start":{"line":29,"column":6},"end":{"line":43,"column":7}},"15":{"start":{"line":30,"column":7},"end":{"line":30,"column":92}},"16":{"start":{"line":32,"column":7},"end":{"line":42,"column":9}},"17":{"start":{"line":49,"column":2},"end":{"line":49,"column":16}},"18":{"start":{"line":52,"column":13},"end":{"line":52,"column":32}},"19":{"start":{"line":54,"column":1},"end":{"line":58,"column":3}},"20":{"start":{"line":56,"column":3},"end":{"line":56,"column":23}},"21":{"start":{"line":61,"column":26},"end":{"line":67,"column":1}},"22":{"start":{"line":62,"column":1},"end":{"line":64,"column":2}},"23":{"start":{"line":63,"column":2},"end":{"line":63,"column":32}},"24":{"start":{"line":66,"column":1},"end":{"line":66,"column":10}},"25":{"start":{"line":69,"column":24},"end":{"line":79,"column":1}},"26":{"start":{"line":70,"column":13},"end":{"line":76,"column":2}},"27":{"start":{"line":72,"column":3},"end":{"line":72,"column":26}},"28":{"start":{"line":73,"column":3},"end":{"line":73,"column":19}},"29":{"start":{"line":78,"column":1},"end":{"line":78,"column":12}},"30":{"start":{"line":81,"column":26},"end":{"line":81,"column":44}}},"fnMap":{"0":{"name":"(anonymous_0)","decl":{"start":{"line":8,"column":25},"end":{"line":8,"column":26}},"loc":{"start":{"line":8,"column":31},"end":{"line":59,"column":1}},"line":8},"1":{"name":"(anonymous_1)","decl":{"start":{"line":9,"column":18},"end":{"line":9,"column":19}},"loc":{"start":{"line":9,"column":24},"end":{"line":50,"column":2}},"line":9},"2":{"name":"(anonymous_2)","decl":{"start":{"line":55,"column":2},"end":{"line":55,"column":3}},"loc":{"start":{"line":55,"column":14},"end":{"line":57,"column":3}},"line":55},"3":{"name":"(anonymous_3)","decl":{"start":{"line":61,"column":26},"end":{"line":61,"column":27}},"loc":{"start":{"line":61,"column":37},"end":{"line":67,"column":1}},"line":61},"4":{"name":"(anonymous_4)","decl":{"start":{"line":69,"column":24},"end":{"line":69,"column":25}},"loc":{"start":{"line":69,"column":35},"end":{"line":79,"column":1}},"line":69},"5":{"name":"(anonymous_5)","decl":{"start":{"line":71,"column":2},"end":{"line":71,"column":3}},"loc":{"start":{"line":71,"column":22},"end":{"line":74,"column":3}},"line":71}},"branchMap":{"0":{"loc":{"start":{"line":12,"column":2},"end":{"line":47,"column":3}},"type":"if","locations":[{"start":{"line":12,"column":2},"end":{"line":47,"column":3}},{"start":{},"end":{}}],"line":12},"1":{"loc":{"start":{"line":12,"column":6},"end":{"line":12,"column":89}},"type":"binary-expr","locations":[{"start":{"line":12,"column":6},"end":{"line":12,"column":45}},{"start":{"line":12,"column":49},"end":{"line":12,"column":89}}],"line":12},"2":{"loc":{"start":{"line":20,"column":7},"end":{"line":22,"column":8}},"type":"if","locations":[{"start":{"line":20,"column":7},"end":{"line":22,"column":8}},{"start":{},"end":{}}],"line":20},"3":{"loc":{"start":{"line":24,"column":7},"end":{"line":26,"column":8}},"type":"if","locations":[{"start":{"line":24,"column":7},"end":{"line":26,"column":8}},{"start":{},"end":{}}],"line":24},"4":{"loc":{"start":{"line":29,"column":6},"end":{"line":43,"column":7}},"type":"if","locations":[{"start":{"line":29,"column":6},"end":{"line":43,"column":7}},{"start":{"line":31,"column":13},"end":{"line":43,"column":7}}],"line":29},"5":{"loc":{"start":{"line":62,"column":1},"end":{"line":64,"column":2}},"type":"if","locations":[{"start":{"line":62,"column":1},"end":{"line":64,"column":2}},{"start":{},"end":{}}],"line":62}},"s":{"0":1,"1":1,"2":7,"3":7,"4":6,"5":15,"6":21,"7":31,"8":31,"9":31,"10":149,"11":28,"12":149,"13":23,"14":31,"15":0,"16":31,"17":7,"18":1,"19":1,"20":19,"21":1,"22":62,"23":36,"24":26,"25":1,"26":36,"27":51,"28":51,"29":36,"30":1},"f":{"0":1,"1":7,"2":19,"3":62,"4":36,"5":51},"b":{"0":[6,1],"1":[7,6],"2":[28,121],"3":[23,126],"4":[0,31],"5":[36,26]},"inputSourceMap":{"version":3,"mappings":";;SACS,gBAAgB;SAChB,iBAAiB;SACjB,kBAAkB;SAClB,oBAAoB;;MAuBvB;OACI;QACIA;;MAEF,OAAO,KAAK,UAAU,KAAK,EAAE,SAAS,KACtC,OAAO,KAAK,WAAW,KAAK,EAAE,SAAS;eAI3B,WAAW,UAAU,KAAK,OAAO,QAAQ,UAAU,KAAK;eACrD,OAAO,WAAW;gBACd,QAAQ,IAAI;YACb;YACA;;oBACQ,IAAI,KAAK,OAAO,QAAQ,WAAW,KAAK;2BAC9C,KAAK,QAAW,KAAK;QACrB,QAAQ,OAAO,IAAI,KAAK,QAAQ,OAAO,KAAK;;;2BAE5C,KAAK,QAAW,KAAK;QACrB,QAAQ,OAAO,IAAI,KAAK,QAAQ,OAAO,KAAK;;;;UAGhDA,OAAM,KAAK,EAAE;OACb,yDAAyD,KAAK,EAAE;;OAEhEA,OAAM,KAAK,EAAE;QACT,IAAI,KAAK;QACT,OAAO,KAAK;QACZ;QACA;QACA;QACA;SACI,SAAS,kBAAkB,OAAO;SAClC,SAAS,kBAAkB,OAAO;;;;;;;;;SAQvDA;;;KAGP,kBAAiB;;;MAEb;gBACO;;;;;MAKb,qBAAqB;KACnB,MAAM,SAAS;SACR,gBAAgB,KAAK;;;QAEzB;;;MAGL,mBAAmB;OACf,MAAM,MAAM;GAAQ,UAAU;GAChC,YAAY,KAAK;UACV;;EACR,CAAC;;;QACG;;;aAGE,aAAa","names":["items"],"ignoreList":[],"sources":["/Users/D070292/Projects/private/svelte-sankey/src/lib/stores/items.svelte.ts"],"file":"/Users/D070292/Projects/private/svelte-sankey/src/lib/stores/items.svelte.ts"},"_coverageSchema":"1a1c01bbd47fc00a2c39e90264f33305004495a9","hash":"4ad3fce16d19804c5077c83cf7f34e6db1fb33bc"},"/Users/D070292/Projects/private/svelte-sankey/src/lib/stores/sankey.svelte.ts":{"path":"/Users/D070292/Projects/private/svelte-sankey/src/lib/stores/sankey.svelte.ts","statementMap":{"0":{"start":{"line":4,"column":26},"end":{"line":44,"column":1}},"1":{"start":{"line":5,"column":20},"end":{"line":12,"column":3}},"2":{"start":{"line":14,"column":21},"end":{"line":16,"column":2}},"3":{"start":{"line":15,"column":2},"end":{"line":15,"column":32}},"4":{"start":{"line":18,"column":21},"end":{"line":20,"column":2}},"5":{"start":{"line":19,"column":2},"end":{"line":19,"column":32}},"6":{"start":{"line":22,"column":27},"end":{"line":24,"column":2}},"7":{"start":{"line":23,"column":2},"end":{"line":23,"column":38}},"8":{"start":{"line":26,"column":26},"end":{"line":28,"column":2}},"9":{"start":{"line":27,"column":2},"end":{"line":27,"column":37}},"10":{"start":{"line":30,"column":26},"end":{"line":32,"column":2}},"11":{"start":{"line":31,"column":2},"end":{"line":31,"column":37}},"12":{"start":{"line":34,"column":1},"end":{"line":43,"column":3}},"13":{"start":{"line":36,"column":3},"end":{"line":36,"column":23}},"14":{"start":{"line":46,"column":27},"end":{"line":46,"column":46}}},"fnMap":{"0":{"name":"(anonymous_0)","decl":{"start":{"line":4,"column":26},"end":{"line":4,"column":27}},"loc":{"start":{"line":4,"column":32},"end":{"line":44,"column":1}},"line":4},"1":{"name":"(anonymous_1)","decl":{"start":{"line":14,"column":21},"end":{"line":14,"column":22}},"loc":{"start":{"line":14,"column":32},"end":{"line":16,"column":2}},"line":14},"2":{"name":"(anonymous_2)","decl":{"start":{"line":18,"column":21},"end":{"line":18,"column":22}},"loc":{"start":{"line":18,"column":32},"end":{"line":20,"column":2}},"line":18},"3":{"name":"(anonymous_3)","decl":{"start":{"line":22,"column":27},"end":{"line":22,"column":28}},"loc":{"start":{"line":22,"column":38},"end":{"line":24,"column":2}},"line":22},"4":{"name":"(anonymous_4)","decl":{"start":{"line":26,"column":26},"end":{"line":26,"column":27}},"loc":{"start":{"line":26,"column":37},"end":{"line":28,"column":2}},"line":26},"5":{"name":"(anonymous_5)","decl":{"start":{"line":30,"column":26},"end":{"line":30,"column":27}},"loc":{"start":{"line":30,"column":37},"end":{"line":32,"column":2}},"line":30},"6":{"name":"(anonymous_6)","decl":{"start":{"line":35,"column":2},"end":{"line":35,"column":3}},"loc":{"start":{"line":35,"column":14},"end":{"line":37,"column":3}},"line":35}},"branchMap":{},"s":{"0":1,"1":1,"2":1,"3":0,"4":1,"5":2,"6":1,"7":1,"8":1,"9":1,"10":1,"11":1,"12":1,"13":185,"14":1},"f":{"0":1,"1":0,"2":2,"3":1,"4":1,"5":1,"6":185},"b":{},"inputSourceMap":{"version":3,"mappings":";;;MASM;KACAA;EACF,eAAe;EACf,eAAe;EACf,UAAU;EACV,UAAU;EACV,WAAW;EACX,gBAAgB;;;OAGZ,eAAe;EACnBA,aAAY,WAAW;;;OAGnB,eAAe;EACnBA,aAAY,WAAW;;;OAGnB,qBAAqB;EACzBA,aAAY,iBAAiB;;;OAGzB,oBAAoB;EACxBA,aAAY,gBAAgB;;;OAGxB,oBAAoB;EACxBA,aAAY,gBAAgB;;;;MAIxB;UACKA;;EAET;EACA;EACA;EACA;EACA;;;;aAIS,cAAc","names":["sankeyStore"],"ignoreList":[],"sources":["/Users/D070292/Projects/private/svelte-sankey/src/lib/stores/sankey.svelte.ts"],"file":"/Users/D070292/Projects/private/svelte-sankey/src/lib/stores/sankey.svelte.ts"},"_coverageSchema":"1a1c01bbd47fc00a2c39e90264f33305004495a9","hash":"ea258263e03eb218008afe4968e55555957e5ff0"},"/Users/D070292/Projects/private/svelte-sankey/src/lib/stores/wrapper.svelte.ts":{"path":"/Users/D070292/Projects/private/svelte-sankey/src/lib/stores/wrapper.svelte.ts","statementMap":{"0":{"start":{"line":4,"column":27},"end":{"line":17,"column":1}},"1":{"start":{"line":5,"column":21},"end":{"line":5,"column":79}},"2":{"start":{"line":7,"column":13},"end":{"line":9,"column":2}},"3":{"start":{"line":8,"column":2},"end":{"line":8,"column":60}},"4":{"start":{"line":11,"column":1},"end":{"line":16,"column":3}},"5":{"start":{"line":13,"column":3},"end":{"line":13,"column":31}},"6":{"start":{"line":19,"column":28},"end":{"line":19,"column":48}}},"fnMap":{"0":{"name":"(anonymous_0)","decl":{"start":{"line":4,"column":27},"end":{"line":4,"column":28}},"loc":{"start":{"line":4,"column":33},"end":{"line":17,"column":1}},"line":4},"1":{"name":"(anonymous_1)","decl":{"start":{"line":7,"column":13},"end":{"line":7,"column":14}},"loc":{"start":{"line":7,"column":24},"end":{"line":9,"column":2}},"line":7},"2":{"name":"(anonymous_2)","decl":{"start":{"line":12,"column":2},"end":{"line":12,"column":3}},"loc":{"start":{"line":12,"column":14},"end":{"line":14,"column":3}},"line":12}},"branchMap":{},"s":{"0":1,"1":1,"2":1,"3":1,"4":1,"5":38,"6":1},"f":{"0":1,"1":1,"2":38},"b":{},"inputSourceMap":{"version":3,"mappings":";;;MAOM;KACAA,kCACF,QAAQ,GACR,OAAO,GACP,KAAK,GACL,MAAM;;OAGF,OAAO;QACXA,uBAAe,aAAfA;;;;MAII;gBACKA;;EAET;;;;aAIS,eAAe","names":["wrapperStore"],"ignoreList":[],"sources":["/Users/D070292/Projects/private/svelte-sankey/src/lib/stores/wrapper.svelte.ts"],"file":"/Users/D070292/Projects/private/svelte-sankey/src/lib/stores/wrapper.svelte.ts"},"_coverageSchema":"1a1c01bbd47fc00a2c39e90264f33305004495a9","hash":"e95f56aeed3b286187e543d9a69d2b35d40b6b95"},"/Users/D070292/Projects/private/svelte-sankey/src/lib/components/Children.svelte":{"path":"/Users/D070292/Projects/private/svelte-sankey/src/lib/components/Children.svelte","statementMap":{"0":{"start":{"line":3,"column":0},"end":{"line":3,"column":22}},"1":{"start":{"line":4,"column":0},"end":{"line":4,"column":60}},"2":{"start":{"line":9,"column":1},"end":{"line":9,"column":28}},"3":{"start":{"line":10,"column":1},"end":{"line":10,"column":33}},"4":{"start":{"line":11,"column":1},"end":{"line":11,"column":53}},"5":{"start":{"line":13,"column":16},"end":{"line":13,"column":46}},"6":{"start":{"line":14,"column":16},"end":{"line":14,"column":27}},"7":{"start":{"line":15,"column":12},"end":{"line":15,"column":35}},"8":{"start":{"line":17,"column":1},"end":{"line":23,"column":4}},"9":{"start":{"line":18,"column":19},"end":{"line":18,"column":30}},"10":{"start":{"line":19,"column":15},"end":{"line":19,"column":40}},"11":{"start":{"line":21,"column":2},"end":{"line":21,"column":30}},"12":{"start":{"line":22,"column":2},"end":{"line":22,"column":33}},"13":{"start":{"line":25,"column":1},"end":{"line":25,"column":30}},"14":{"start":{"line":27,"column":1},"end":{"line":36,"column":4}},"15":{"start":{"line":29,"column":3},"end":{"line":29,"column":21}},"16":{"start":{"line":32,"column":3},"end":{"line":32,"column":21}},"17":{"start":{"line":33,"column":3},"end":{"line":33,"column":18}},"18":{"start":{"line":39,"column":0},"end":{"line":46,"column":1}},"19":{"start":{"line":40,"column":1},"end":{"line":40,"column":58}},"20":{"start":{"line":40,"column":34},"end":{"line":40,"column":56}},"21":{"start":{"line":42,"column":1},"end":{"line":45,"column":4}},"22":{"start":{"line":43,"column":2},"end":{"line":43,"column":56}},"23":{"start":{"line":44,"column":2},"end":{"line":44,"column":64}},"24":{"start":{"line":50,"column":0},"end":{"line":50,"column":28}},"25":{"start":{"line":51,"column":0},"end":{"line":51,"column":66}}},"fnMap":{"0":{"name":"Children","decl":{"start":{"line":8,"column":9},"end":{"line":8,"column":17}},"loc":{"start":{"line":8,"column":37},"end":{"line":37,"column":1}},"line":8},"1":{"name":"(anonymous_1)","decl":{"start":{"line":17,"column":22},"end":{"line":17,"column":23}},"loc":{"start":{"line":17,"column":36},"end":{"line":23,"column":2}},"line":17},"2":{"name":"(anonymous_2)","decl":{"start":{"line":28,"column":2},"end":{"line":28,"column":3}},"loc":{"start":{"line":28,"column":17},"end":{"line":30,"column":3}},"line":28},"3":{"name":"(anonymous_3)","decl":{"start":{"line":31,"column":2},"end":{"line":31,"column":3}},"loc":{"start":{"line":31,"column":24},"end":{"line":34,"column":3}},"line":31},"4":{"name":"(anonymous_4)","decl":{"start":{"line":40,"column":28},"end":{"line":40,"column":29}},"loc":{"start":{"line":40,"column":34},"end":{"line":40,"column":56}},"line":40},"5":{"name":"(anonymous_5)","decl":{"start":{"line":42,"column":43},"end":{"line":42,"column":44}},"loc":{"start":{"line":42,"column":55},"end":{"line":45,"column":2}},"line":42}},"branchMap":{"0":{"loc":{"start":{"line":39,"column":0},"end":{"line":46,"column":1}},"type":"if","locations":[{"start":{"line":39,"column":0},"end":{"line":46,"column":1}},{"start":{},"end":{}}],"line":39}},"s":{"0":1,"1":1,"2":13,"3":13,"4":13,"5":13,"6":13,"7":13,"8":13,"9":7,"10":7,"11":7,"12":7,"13":13,"14":13,"15":0,"16":0,"17":0,"18":1,"19":1,"20":13,"21":1,"22":0,"23":0,"24":1,"25":1},"f":{"0":13,"1":7,"2":0,"3":0,"4":13,"5":0},"b":{"0":[1,0]},"inputSourceMap":{"version":3,"mappings":";;;;;;;;;;;;KAKU,QAAQ;;;;YAIb,QAAQ;;;;oBACA,QAAQ","names":[],"ignoreList":[],"sources":["Children.svelte"]},"_coverageSchema":"1a1c01bbd47fc00a2c39e90264f33305004495a9","hash":"126bc127816d4cc07fe33ba3c7382bb441d415a4"},"/Users/D070292/Projects/private/svelte-sankey/src/lib/components/Anchor.svelte":{"path":"/Users/D070292/Projects/private/svelte-sankey/src/lib/components/Anchor.svelte","statementMap":{"0":{"start":{"line":3,"column":0},"end":{"line":3,"column":22}},"1":{"start":{"line":4,"column":0},"end":{"line":4,"column":56}},"2":{"start":{"line":15,"column":11},"end":{"line":15,"column":128}},"3":{"start":{"line":17,"column":14},"end":{"line":20,"column":1}},"4":{"start":{"line":23,"column":1},"end":{"line":23,"column":28}},"5":{"start":{"line":24,"column":1},"end":{"line":24,"column":31}},"6":{"start":{"line":25,"column":1},"end":{"line":25,"column":34}},"7":{"start":{"line":26,"column":1},"end":{"line":26,"column":51}},"8":{"start":{"line":28,"column":17},"end":{"line":28,"column":35}},"9":{"start":{"line":30,"column":12},"end":{"line":30,"column":38}},"10":{"start":{"line":31,"column":13},"end":{"line":31,"column":43}},"11":{"start":{"line":33,"column":20},"end":{"line":33,"column":30}},"12":{"start":{"line":34,"column":19},"end":{"line":34,"column":63}},"13":{"start":{"line":34,"column":35},"end":{"line":34,"column":62}},"14":{"start":{"line":36,"column":1},"end":{"line":65,"column":4}},"15":{"start":{"line":37,"column":2},"end":{"line":64,"column":3}},"16":{"start":{"line":38,"column":17},"end":{"line":38,"column":105}},"17":{"start":{"line":40,"column":23},"end":{"line":48,"column":4}},"18":{"start":{"line":50,"column":3},"end":{"line":52,"column":4}},"19":{"start":{"line":51,"column":4},"end":{"line":51,"column":66}},"20":{"start":{"line":54,"column":22},"end":{"line":54,"column":63}},"21":{"start":{"line":56,"column":3},"end":{"line":63,"column":4}},"22":{"start":{"line":57,"column":4},"end":{"line":62,"column":7}},"23":{"start":{"line":67,"column":18},"end":{"line":67,"column":41}},"24":{"start":{"line":69,"column":25},"end":{"line":71,"column":2}},"25":{"start":{"line":70,"column":2},"end":{"line":70,"column":44}},"26":{"start":{"line":73,"column":11},"end":{"line":73,"column":17}},"27":{"start":{"line":74,"column":12},"end":{"line":74,"column":24}},"28":{"start":{"line":76,"column":1},"end":{"line":80,"column":4}},"29":{"start":{"line":78,"column":3},"end":{"line":78,"column":21}},"30":{"start":{"line":82,"column":1},"end":{"line":82,"column":14}},"31":{"start":{"line":83,"column":1},"end":{"line":83,"column":82}},"32":{"start":{"line":83,"column":31},"end":{"line":83,"column":56}},"33":{"start":{"line":83,"column":64},"end":{"line":83,"column":80}},"34":{"start":{"line":85,"column":1},"end":{"line":89,"column":4}},"35":{"start":{"line":86,"column":2},"end":{"line":86,"column":53}},"36":{"start":{"line":87,"column":2},"end":{"line":87,"column":72}},"37":{"start":{"line":88,"column":2},"end":{"line":88,"column":61}},"38":{"start":{"line":91,"column":1},"end":{"line":91,"column":25}},"39":{"start":{"line":93,"column":1},"end":{"line":109,"column":4}},"40":{"start":{"line":95,"column":3},"end":{"line":95,"column":17}},"41":{"start":{"line":98,"column":3},"end":{"line":98,"column":17}},"42":{"start":{"line":99,"column":3},"end":{"line":99,"column":18}},"43":{"start":{"line":102,"column":3},"end":{"line":102,"column":21}},"44":{"start":{"line":105,"column":3},"end":{"line":105,"column":21}},"45":{"start":{"line":106,"column":3},"end":{"line":106,"column":18}},"46":{"start":{"line":112,"column":0},"end":{"line":120,"column":1}},"47":{"start":{"line":113,"column":1},"end":{"line":113,"column":52}},"48":{"start":{"line":113,"column":30},"end":{"line":113,"column":50}},"49":{"start":{"line":115,"column":1},"end":{"line":119,"column":4}},"50":{"start":{"line":116,"column":2},"end":{"line":116,"column":37}},"51":{"start":{"line":117,"column":2},"end":{"line":117,"column":54}},"52":{"start":{"line":118,"column":2},"end":{"line":118,"column":62}},"53":{"start":{"line":124,"column":0},"end":{"line":124,"column":26}},"54":{"start":{"line":125,"column":0},"end":{"line":125,"column":167}},"55":{"start":{"line":125,"column":51},"end":{"line":125,"column":167}}},"fnMap":{"0":{"name":"Anchor","decl":{"start":{"line":22,"column":9},"end":{"line":22,"column":15}},"loc":{"start":{"line":22,"column":35},"end":{"line":110,"column":1}},"line":22},"1":{"name":"(anonymous_1)","decl":{"start":{"line":34,"column":29},"end":{"line":34,"column":30}},"loc":{"start":{"line":34,"column":35},"end":{"line":34,"column":62}},"line":34},"2":{"name":"(anonymous_2)","decl":{"start":{"line":36,"column":15},"end":{"line":36,"column":16}},"loc":{"start":{"line":36,"column":21},"end":{"line":65,"column":2}},"line":36},"3":{"name":"(anonymous_3)","decl":{"start":{"line":69,"column":25},"end":{"line":69,"column":26}},"loc":{"start":{"line":69,"column":31},"end":{"line":71,"column":2}},"line":69},"4":{"name":"(anonymous_4)","decl":{"start":{"line":77,"column":2},"end":{"line":77,"column":3}},"loc":{"start":{"line":77,"column":17},"end":{"line":79,"column":3}},"line":77},"5":{"name":"(anonymous_5)","decl":{"start":{"line":83,"column":18},"end":{"line":83,"column":19}},"loc":{"start":{"line":83,"column":31},"end":{"line":83,"column":56}},"line":83},"6":{"name":"(anonymous_6)","decl":{"start":{"line":83,"column":58},"end":{"line":83,"column":59}},"loc":{"start":{"line":83,"column":64},"end":{"line":83,"column":80}},"line":83},"7":{"name":"(anonymous_7)","decl":{"start":{"line":85,"column":19},"end":{"line":85,"column":20}},"loc":{"start":{"line":85,"column":25},"end":{"line":89,"column":2}},"line":85},"8":{"name":"(anonymous_8)","decl":{"start":{"line":94,"column":2},"end":{"line":94,"column":3}},"loc":{"start":{"line":94,"column":13},"end":{"line":96,"column":3}},"line":94},"9":{"name":"(anonymous_9)","decl":{"start":{"line":97,"column":2},"end":{"line":97,"column":3}},"loc":{"start":{"line":97,"column":20},"end":{"line":100,"column":3}},"line":97},"10":{"name":"(anonymous_10)","decl":{"start":{"line":101,"column":2},"end":{"line":101,"column":3}},"loc":{"start":{"line":101,"column":17},"end":{"line":103,"column":3}},"line":101},"11":{"name":"(anonymous_11)","decl":{"start":{"line":104,"column":2},"end":{"line":104,"column":3}},"loc":{"start":{"line":104,"column":24},"end":{"line":107,"column":3}},"line":104},"12":{"name":"(anonymous_12)","decl":{"start":{"line":113,"column":24},"end":{"line":113,"column":25}},"loc":{"start":{"line":113,"column":30},"end":{"line":113,"column":50}},"line":113},"13":{"name":"(anonymous_13)","decl":{"start":{"line":115,"column":43},"end":{"line":115,"column":44}},"loc":{"start":{"line":115,"column":55},"end":{"line":119,"column":2}},"line":115}},"branchMap":{"0":{"loc":{"start":{"line":37,"column":2},"end":{"line":64,"column":3}},"type":"if","locations":[{"start":{"line":37,"column":2},"end":{"line":64,"column":3}},{"start":{},"end":{}}],"line":37},"1":{"loc":{"start":{"line":50,"column":3},"end":{"line":52,"column":4}},"type":"if","locations":[{"start":{"line":50,"column":3},"end":{"line":52,"column":4}},{"start":{},"end":{}}],"line":50},"2":{"loc":{"start":{"line":56,"column":3},"end":{"line":63,"column":4}},"type":"if","locations":[{"start":{"line":56,"column":3},"end":{"line":63,"column":4}},{"start":{},"end":{}}],"line":56},"3":{"loc":{"start":{"line":87,"column":41},"end":{"line":87,"column":66}},"type":"binary-expr","locations":[{"start":{"line":87,"column":41},"end":{"line":87,"column":60}},{"start":{"line":87,"column":64},"end":{"line":87,"column":66}}],"line":87},"4":{"loc":{"start":{"line":112,"column":0},"end":{"line":120,"column":1}},"type":"if","locations":[{"start":{"line":112,"column":0},"end":{"line":120,"column":1}},{"start":{},"end":{}}],"line":112},"5":{"loc":{"start":{"line":125,"column":0},"end":{"line":125,"column":167}},"type":"if","locations":[{"start":{"line":125,"column":0},"end":{"line":125,"column":167}},{"start":{},"end":{}}],"line":125}},"s":{"0":1,"1":1,"2":1,"3":1,"4":6,"5":6,"6":6,"7":6,"8":6,"9":6,"10":6,"11":6,"12":6,"13":15,"14":6,"15":21,"16":15,"17":15,"18":15,"19":15,"20":15,"21":15,"22":15,"23":6,"24":6,"25":0,"26":6,"27":6,"28":6,"29":12,"30":6,"31":6,"32":6,"33":6,"34":6,"35":12,"36":12,"37":12,"38":6,"39":6,"40":0,"41":0,"42":0,"43":0,"44":0,"45":0,"46":1,"47":1,"48":6,"49":1,"50":0,"51":0,"52":0,"53":1,"54":1,"55":1},"f":{"0":6,"1":15,"2":21,"3":0,"4":12,"5":6,"6":6,"7":12,"8":0,"9":0,"10":0,"11":0,"12":6,"13":0},"b":{"0":[15,6],"1":[15,0],"2":[15,0],"3":[12,0],"4":[1,0],"5":[1,0]},"inputSourceMap":{"version":3,"mappings":";;;;;;SAIW,UAAU,QAAQ,WAAW;SAC7B,UAAU,QAAQ,2BAA2B;SAC7C,WAAW,QAAQ,4BAA4B;SAC/C,YAAY,QAAQ,6BAA6B;SACjD,YAAY,QAAQ,6BAA6B;SACjD,qBAAqB,QAAsB,QAAQ;OACrD,QAAQ,MAAM,mBAAmB;;;;;;;;;;;;;;;KAOpC,SAAS;;KACP,IAAI;EAAE,QAAQ;;KAEhB,YAAY,WAAU,CAAC;KAEvB,WAAgB,mBAAqB,UAAU,CAAC,KAAK,CAAC,IAAI,GAAC,EAAE;;CAEjE,aAAO;YACD,WAAW;SACP,KAAK,GAAG,IAAI,CAAC,GAAG,OACpB,WAAW,EAAC,WAAW,CAAC,OAAO,QAC/B,WAAW,EAAC,WAAW,CAAC;;SAEpB,WAAW,GAAG,UAAU;IAC5B,KAAK;;KACJ,WAAW,CAAC,KAAK,CAAC,aAAa;KAAE,WAAW,CAAC,KAAK,CAAC,aAAa;;IACjE,WAAW,CAAC,KAAK,CAAC,QAAQ;IAC1B,WAAW,CAAC,KAAK,CAAC;;;uBAEhB,WAAW,EAAK,CAAC;UACnB,YAAY,UAAG,WAAW,QAA1B,YAAY;;;SAER,UAAU,SAAG,SAAS,GAAE,qBAAqB;;OAC/C,UAAU;IACZ,YAAY,CAAC,SAAS;KACpB,EAAE,EAAE,IAAI,GAAC,EAAE;KACX,SAAS,EAAE,UAAU,CAAC,CAAC,GAAG,YAAY,CAAC,KAAK,CAAC,IAAI;KACjD,SAAS,EAAE,UAAU,CAAC,CAAC,GAAG,YAAY,CAAC,KAAK,CAAC,GAAG;KAChD,WAAW,EAAE,IAAI,GAAC,WAAW;;;;;;OAM/B,QAAQ,GAAG,qBAAqB;;OAEhC,eAAe;EACnB,QAAQ,CAAC,aAAa,IAAI,IAAI,EAAJ,IAAI;;;;;;;;;;;;;qCASrB,SAAS,wBAAT,SAAS;;;0CAHH,IAAI,GAAC,EAAE;+CACA,YAAY;yCACV,IAAI,GAAC,WAAW","names":[],"ignoreList":[],"sources":["Anchor.svelte"]},"_coverageSchema":"1a1c01bbd47fc00a2c39e90264f33305004495a9","hash":"94996d376b1d515d6df653891b54b1069d3c0dc4"},"/Users/D070292/Projects/private/svelte-sankey/src/lib/components/AnchorContent.svelte":{"path":"/Users/D070292/Projects/private/svelte-sankey/src/lib/components/AnchorContent.svelte","statementMap":{"0":{"start":{"line":3,"column":0},"end":{"line":3,"column":22}},"1":{"start":{"line":4,"column":0},"end":{"line":4,"column":70}},"2":{"start":{"line":11,"column":25},"end":{"line":13,"column":1}},"3":{"start":{"line":12,"column":1},"end":{"line":12,"column":41}},"4":{"start":{"line":15,"column":11},"end":{"line":15,"column":148}},"5":{"start":{"line":17,"column":14},"end":{"line":20,"column":1}},"6":{"start":{"line":23,"column":1},"end":{"line":23,"column":28}},"7":{"start":{"line":24,"column":1},"end":{"line":24,"column":38}},"8":{"start":{"line":25,"column":1},"end":{"line":25,"column":34}},"9":{"start":{"line":26,"column":1},"end":{"line":26,"column":58}},"10":{"start":{"line":28,"column":12},"end":{"line":28,"column":38}},"11":{"start":{"line":29,"column":19},"end":{"line":29,"column":55}},"12":{"start":{"line":30,"column":13},"end":{"line":30,"column":43}},"13":{"start":{"line":32,"column":28},"end":{"line":38,"column":3}},"14":{"start":{"line":33,"column":2},"end":{"line":37,"column":3}},"15":{"start":{"line":34,"column":3},"end":{"line":34,"column":16}},"16":{"start":{"line":36,"column":3},"end":{"line":36,"column":27}},"17":{"start":{"line":40,"column":18},"end":{"line":40,"column":41}},"18":{"start":{"line":42,"column":29},"end":{"line":48,"column":2}},"19":{"start":{"line":43,"column":2},"end":{"line":45,"column":3}},"20":{"start":{"line":44,"column":3},"end":{"line":44,"column":26}},"21":{"start":{"line":47,"column":2},"end":{"line":47,"column":49}},"22":{"start":{"line":50,"column":29},"end":{"line":56,"column":2}},"23":{"start":{"line":51,"column":2},"end":{"line":53,"column":3}},"24":{"start":{"line":52,"column":3},"end":{"line":52,"column":32}},"25":{"start":{"line":55,"column":2},"end":{"line":55,"column":49}},"26":{"start":{"line":58,"column":30},"end":{"line":69,"column":2}},"27":{"start":{"line":59,"column":14},"end":{"line":62,"column":3}},"28":{"start":{"line":64,"column":2},"end":{"line":68,"column":5}},"29":{"start":{"line":65,"column":3},"end":{"line":67,"column":6}},"30":{"start":{"line":66,"column":4},"end":{"line":66,"column":39}},"31":{"start":{"line":71,"column":36},"end":{"line":82,"column":2}},"32":{"start":{"line":72,"column":14},"end":{"line":75,"column":3}},"33":{"start":{"line":77,"column":2},"end":{"line":81,"column":5}},"34":{"start":{"line":78,"column":3},"end":{"line":80,"column":6}},"35":{"start":{"line":79,"column":4},"end":{"line":79,"column":42}},"36":{"start":{"line":84,"column":14},"end":{"line":84,"column":20}},"37":{"start":{"line":86,"column":1},"end":{"line":86,"column":53}},"38":{"start":{"line":88,"column":12},"end":{"line":88,"column":27}},"39":{"start":{"line":90,"column":1},"end":{"line":94,"column":4}},"40":{"start":{"line":92,"column":3},"end":{"line":92,"column":21}},"41":{"start":{"line":96,"column":1},"end":{"line":96,"column":17}},"42":{"start":{"line":97,"column":1},"end":{"line":97,"column":52}},"43":{"start":{"line":98,"column":1},"end":{"line":98,"column":52}},"44":{"start":{"line":99,"column":1},"end":{"line":99,"column":28}},"45":{"start":{"line":101,"column":1},"end":{"line":124,"column":4}},"46":{"start":{"line":103,"column":3},"end":{"line":103,"column":17}},"47":{"start":{"line":106,"column":3},"end":{"line":106,"column":17}},"48":{"start":{"line":107,"column":3},"end":{"line":107,"column":18}},"49":{"start":{"line":110,"column":3},"end":{"line":110,"column":27}},"50":{"start":{"line":113,"column":3},"end":{"line":113,"column":27}},"51":{"start":{"line":114,"column":3},"end":{"line":114,"column":18}},"52":{"start":{"line":117,"column":3},"end":{"line":117,"column":21}},"53":{"start":{"line":120,"column":3},"end":{"line":120,"column":21}},"54":{"start":{"line":121,"column":3},"end":{"line":121,"column":18}},"55":{"start":{"line":127,"column":0},"end":{"line":135,"column":1}},"56":{"start":{"line":128,"column":1},"end":{"line":128,"column":73}},"57":{"start":{"line":128,"column":44},"end":{"line":128,"column":71}},"58":{"start":{"line":130,"column":1},"end":{"line":134,"column":4}},"59":{"start":{"line":131,"column":2},"end":{"line":131,"column":37}},"60":{"start":{"line":132,"column":2},"end":{"line":132,"column":61}},"61":{"start":{"line":133,"column":2},"end":{"line":133,"column":69}},"62":{"start":{"line":139,"column":0},"end":{"line":139,"column":33}},"63":{"start":{"line":140,"column":0},"end":{"line":140,"column":22}},"64":{"start":{"line":141,"column":0},"end":{"line":141,"column":208}},"65":{"start":{"line":141,"column":58},"end":{"line":141,"column":208}}},"fnMap":{"0":{"name":"(anonymous_0)","decl":{"start":{"line":11,"column":25},"end":{"line":11,"column":26}},"loc":{"start":{"line":11,"column":48},"end":{"line":13,"column":1}},"line":11},"1":{"name":"AnchorContent","decl":{"start":{"line":22,"column":9},"end":{"line":22,"column":22}},"loc":{"start":{"line":22,"column":42},"end":{"line":125,"column":1}},"line":22},"2":{"name":"(anonymous_2)","decl":{"start":{"line":32,"column":38},"end":{"line":32,"column":39}},"loc":{"start":{"line":32,"column":44},"end":{"line":38,"column":2}},"line":32},"3":{"name":"(anonymous_3)","decl":{"start":{"line":42,"column":29},"end":{"line":42,"column":30}},"loc":{"start":{"line":42,"column":35},"end":{"line":48,"column":2}},"line":42},"4":{"name":"(anonymous_4)","decl":{"start":{"line":50,"column":29},"end":{"line":50,"column":30}},"loc":{"start":{"line":50,"column":35},"end":{"line":56,"column":2}},"line":50},"5":{"name":"(anonymous_5)","decl":{"start":{"line":58,"column":30},"end":{"line":58,"column":31}},"loc":{"start":{"line":58,"column":36},"end":{"line":69,"column":2}},"line":58},"6":{"name":"(anonymous_6)","decl":{"start":{"line":64,"column":16},"end":{"line":64,"column":17}},"loc":{"start":{"line":64,"column":26},"end":{"line":68,"column":3}},"line":64},"7":{"name":"(anonymous_7)","decl":{"start":{"line":65,"column":32},"end":{"line":65,"column":33}},"loc":{"start":{"line":65,"column":38},"end":{"line":67,"column":4}},"line":65},"8":{"name":"(anonymous_8)","decl":{"start":{"line":71,"column":36},"end":{"line":71,"column":37}},"loc":{"start":{"line":71,"column":42},"end":{"line":82,"column":2}},"line":71},"9":{"name":"(anonymous_9)","decl":{"start":{"line":77,"column":16},"end":{"line":77,"column":17}},"loc":{"start":{"line":77,"column":26},"end":{"line":81,"column":3}},"line":77},"10":{"name":"(anonymous_10)","decl":{"start":{"line":78,"column":32},"end":{"line":78,"column":33}},"loc":{"start":{"line":78,"column":38},"end":{"line":80,"column":4}},"line":78},"11":{"name":"(anonymous_11)","decl":{"start":{"line":91,"column":2},"end":{"line":91,"column":3}},"loc":{"start":{"line":91,"column":17},"end":{"line":93,"column":3}},"line":91},"12":{"name":"(anonymous_12)","decl":{"start":{"line":102,"column":2},"end":{"line":102,"column":3}},"loc":{"start":{"line":102,"column":13},"end":{"line":104,"column":3}},"line":102},"13":{"name":"(anonymous_13)","decl":{"start":{"line":105,"column":2},"end":{"line":105,"column":3}},"loc":{"start":{"line":105,"column":20},"end":{"line":108,"column":3}},"line":105},"14":{"name":"(anonymous_14)","decl":{"start":{"line":109,"column":2},"end":{"line":109,"column":3}},"loc":{"start":{"line":109,"column":23},"end":{"line":111,"column":3}},"line":109},"15":{"name":"(anonymous_15)","decl":{"start":{"line":112,"column":2},"end":{"line":112,"column":3}},"loc":{"start":{"line":112,"column":30},"end":{"line":115,"column":3}},"line":112},"16":{"name":"(anonymous_16)","decl":{"start":{"line":116,"column":2},"end":{"line":116,"column":3}},"loc":{"start":{"line":116,"column":17},"end":{"line":118,"column":3}},"line":116},"17":{"name":"(anonymous_17)","decl":{"start":{"line":119,"column":2},"end":{"line":119,"column":3}},"loc":{"start":{"line":119,"column":24},"end":{"line":122,"column":3}},"line":119},"18":{"name":"(anonymous_18)","decl":{"start":{"line":128,"column":38},"end":{"line":128,"column":39}},"loc":{"start":{"line":128,"column":44},"end":{"line":128,"column":71}},"line":128},"19":{"name":"(anonymous_19)","decl":{"start":{"line":130,"column":43},"end":{"line":130,"column":44}},"loc":{"start":{"line":130,"column":55},"end":{"line":134,"column":2}},"line":130}},"branchMap":{"0":{"loc":{"start":{"line":33,"column":2},"end":{"line":37,"column":3}},"type":"if","locations":[{"start":{"line":33,"column":2},"end":{"line":37,"column":3}},{"start":{"line":35,"column":9},"end":{"line":37,"column":3}}],"line":33},"1":{"loc":{"start":{"line":43,"column":2},"end":{"line":45,"column":3}},"type":"if","locations":[{"start":{"line":43,"column":2},"end":{"line":45,"column":3}},{"start":{},"end":{}}],"line":43},"2":{"loc":{"start":{"line":51,"column":2},"end":{"line":53,"column":3}},"type":"if","locations":[{"start":{"line":51,"column":2},"end":{"line":53,"column":3}},{"start":{},"end":{}}],"line":51},"3":{"loc":{"start":{"line":127,"column":0},"end":{"line":135,"column":1}},"type":"if","locations":[{"start":{"line":127,"column":0},"end":{"line":135,"column":1}},{"start":{},"end":{}}],"line":127},"4":{"loc":{"start":{"line":141,"column":0},"end":{"line":141,"column":208}},"type":"if","locations":[{"start":{"line":141,"column":0},"end":{"line":141,"column":208}},{"start":{},"end":{}}],"line":141}},"s":{"0":1,"1":1,"2":1,"3":0,"4":1,"5":1,"6":6,"7":6,"8":6,"9":6,"10":6,"11":6,"12":6,"13":6,"14":0,"15":0,"16":0,"17":6,"18":6,"19":0,"20":0,"21":0,"22":6,"23":0,"24":0,"25":0,"26":6,"27":0,"28":0,"29":0,"30":0,"31":6,"32":0,"33":0,"34":0,"35":0,"36":6,"37":6,"38":6,"39":6,"40":12,"41":6,"42":6,"43":6,"44":6,"45":6,"46":0,"47":0,"48":0,"49":0,"50":0,"51":0,"52":0,"53":0,"54":0,"55":1,"56":1,"57":6,"58":1,"59":0,"60":0,"61":0,"62":1,"63":1,"64":1,"65":1},"f":{"0":0,"1":6,"2":0,"3":0,"4":0,"5":0,"6":0,"7":0,"8":0,"9":0,"10":0,"11":12,"12":0,"13":0,"14":0,"15":0,"16":0,"17":0,"18":6,"19":0},"b":{"0":[0,0],"1":[0,0],"2":[0,0],"3":[1,0],"4":[1,0]},"inputSourceMap":{"version":3,"mappings":";;;;;;SAGW,qBAAqB,QAAsB,QAAQ;SAEnD,WAAW,QAAQ,4BAA4B;OACjD,QAAQ,MAAM,mBAAmB;;MAoBlC,gBAAgB;CACpB,QAAQ,CAAC,WAAW,IAAI,IAAI,EAAJ,IAAI;;;;;;;;;;;;;;;;KAbxB,IAAI;EAAE,cAAc;EAAE,QAAQ;;KAEhC,oBAAoB;sBAClB,WAAW,CAAC,KAAK,CAAC,cAAc,EAAK,KAAK;UACrC,KAAK;;UAEL,cAAc;;;;OAInB,QAAQ,GAAG,qBAAqB;;OAMhC,mBAAmB;YACnB,oBAAoB;GACtB,oBAAoB;;;EAEtB,QAAQ,CAAC,kBAAkB,IAAI,IAAI,EAAJ,IAAI;;;OAG/B,mBAAmB;YACnB,oBAAoB;GACtB,0BAA0B;;;EAE5B,QAAQ,CAAC,kBAAkB,IAAI,IAAI,EAAJ,IAAI;;;OAG/B,oBAAoB;MACpB,KAAK;MACJ,QAAQ,CAAC,gBAAgB,6BAA6B,IAAI,GAAC,EAAE;MAC7D,QAAQ,CAAC,gBAAgB,6BAA6B,IAAI,GAAC,EAAE;;;EAElE,KAAK,CAAC,OAAO,EAAE,IAAI;GACjB,MAAM,CAAC,qBAAqB;IACzB,IAAI,CAA+B,SAAS,CAAC,GAAG,CAAC,cAAc;;;;;OAKhE,0BAA0B;MAC1B,KAAK;MACJ,QAAQ,CAAC,gBAAgB,6BAA6B,IAAI,GAAC,EAAE;MAC7D,QAAQ,CAAC,gBAAgB,6BAA6B,IAAI,GAAC,EAAE;;;EAElE,KAAK,CAAC,OAAO,EAAE,IAAI;GACjB,MAAM,CAAC,qBAAqB;IACzB,IAAI,CAA+B,SAAS,CAAC,MAAM,CAAC,cAAc;;;;;;;mBAQhE,gBAAgB;;;;;;;;;;;+BACX,mBAAmB;+BACnB,mBAAmB","names":[],"ignoreList":[],"sources":["AnchorContent.svelte"]},"_coverageSchema":"1a1c01bbd47fc00a2c39e90264f33305004495a9","hash":"55c24b21a30a56d10faede425a49a54235c8181f"},"/Users/D070292/Projects/private/svelte-sankey/src/lib/stores/paths.svelte.ts":{"path":"/Users/D070292/Projects/private/svelte-sankey/src/lib/stores/paths.svelte.ts","statementMap":{"0":{"start":{"line":8,"column":25},"end":{"line":69,"column":1}},"1":{"start":{"line":9,"column":18},"end":{"line":60,"column":2}},"2":{"start":{"line":10,"column":17},"end":{"line":10,"column":19}},"3":{"start":{"line":12,"column":2},"end":{"line":57,"column":3}},"4":{"start":{"line":13,"column":27},"end":{"line":13,"column":29}},"5":{"start":{"line":14,"column":27},"end":{"line":14,"column":29}},"6":{"start":{"line":16,"column":3},"end":{"line":56,"column":4}},"7":{"start":{"line":17,"column":25},"end":{"line":17,"column":60}},"8":{"start":{"line":18,"column":25},"end":{"line":18,"column":60}},"9":{"start":{"line":20,"column":28},"end":{"line":28,"column":5}},"10":{"start":{"line":30,"column":4},"end":{"line":55,"column":5}},"11":{"start":{"line":31,"column":5},"end":{"line":42,"column":7}},"12":{"start":{"line":44,"column":5},"end":{"line":48,"column":6}},"13":{"start":{"line":45,"column":6},"end":{"line":45,"column":92}},"14":{"start":{"line":47,"column":6},"end":{"line":47,"column":57}},"15":{"start":{"line":50,"column":5},"end":{"line":54,"column":6}},"16":{"start":{"line":51,"column":6},"end":{"line":51,"column":92}},"17":{"start":{"line":53,"column":6},"end":{"line":53,"column":57}},"18":{"start":{"line":59,"column":2},"end":{"line":59,"column":16}},"19":{"start":{"line":62,"column":13},"end":{"line":62,"column":32}},"20":{"start":{"line":64,"column":1},"end":{"line":68,"column":3}},"21":{"start":{"line":66,"column":3},"end":{"line":66,"column":23}},"22":{"start":{"line":71,"column":26},"end":{"line":71,"column":44}}},"fnMap":{"0":{"name":"(anonymous_0)","decl":{"start":{"line":8,"column":25},"end":{"line":8,"column":26}},"loc":{"start":{"line":8,"column":31},"end":{"line":69,"column":1}},"line":8},"1":{"name":"(anonymous_1)","decl":{"start":{"line":9,"column":18},"end":{"line":9,"column":19}},"loc":{"start":{"line":9,"column":24},"end":{"line":60,"column":2}},"line":9},"2":{"name":"(anonymous_2)","decl":{"start":{"line":65,"column":2},"end":{"line":65,"column":3}},"loc":{"start":{"line":65,"column":14},"end":{"line":67,"column":3}},"line":65}},"branchMap":{"0":{"loc":{"start":{"line":12,"column":2},"end":{"line":57,"column":3}},"type":"if","locations":[{"start":{"line":12,"column":2},"end":{"line":57,"column":3}},{"start":{},"end":{}}],"line":12},"1":{"loc":{"start":{"line":30,"column":4},"end":{"line":55,"column":5}},"type":"if","locations":[{"start":{"line":30,"column":4},"end":{"line":55,"column":5}},{"start":{},"end":{}}],"line":30},"2":{"loc":{"start":{"line":30,"column":8},"end":{"line":30,"column":36}},"type":"binary-expr","locations":[{"start":{"line":30,"column":8},"end":{"line":30,"column":20}},{"start":{"line":30,"column":24},"end":{"line":30,"column":36}}],"line":30},"3":{"loc":{"start":{"line":34,"column":37},"end":{"line":34,"column":74}},"type":"binary-expr","locations":[{"start":{"line":34,"column":37},"end":{"line":34,"column":69}},{"start":{"line":34,"column":73},"end":{"line":34,"column":74}}],"line":34},"4":{"loc":{"start":{"line":38,"column":37},"end":{"line":38,"column":74}},"type":"binary-expr","locations":[{"start":{"line":38,"column":37},"end":{"line":38,"column":69}},{"start":{"line":38,"column":73},"end":{"line":38,"column":74}}],"line":38},"5":{"loc":{"start":{"line":44,"column":5},"end":{"line":48,"column":6}},"type":"if","locations":[{"start":{"line":44,"column":5},"end":{"line":48,"column":6}},{"start":{"line":46,"column":12},"end":{"line":48,"column":6}}],"line":44},"6":{"loc":{"start":{"line":50,"column":5},"end":{"line":54,"column":6}},"type":"if","locations":[{"start":{"line":50,"column":5},"end":{"line":54,"column":6}},{"start":{"line":52,"column":12},"end":{"line":54,"column":6}}],"line":50}},"s":{"0":1,"1":1,"2":5,"3":5,"4":4,"5":4,"6":4,"7":20,"8":20,"9":20,"10":20,"11":15,"12":15,"13":6,"14":9,"15":15,"16":3,"17":12,"18":5,"19":1,"20":1,"21":22,"22":1},"f":{"0":1,"1":5,"2":22},"b":{"0":[4,1],"1":[15,5],"2":[20,15],"3":[15,12],"4":[15,9],"5":[6,9],"6":[3,12]},"inputSourceMap":{"version":3,"mappings":";;SACS,oBAAoB;SACpB,kBAAkB;SAClB,kBAAkB;SAClB,mBAAmB;;MAkBtB;OACE;QACEA;;MACF,OAAO,QAAQ,WAAW,KAAK,EAAE,SAAS;SACtC;SACA;;eACM,SAAS,QAAQ,KAAK,OAAO,QAAQ,WAAW,KAAK;UACzD,eAAe,aAAa,MAAM,SAAS,MAAM;UACjD,eAAe,aAAa,MAAM,SAAS,MAAM;;UACjD,kBAAkB;KACtB,SAAS;;MACR,YAAY,MAAM;MAAe,YAAY,MAAM,aAAa;;KACjE,YAAY,MAAM;KAClB,YAAY,MAAM;;;QAEhB,gBAAgB;KAClBA,OAAM,OAAO;MACX;OACE,GAAG,cAAc;OACjB,GACE,cAAc,aACb,gBAAgB,SAAS,MAAM,KAAK;;MAEzC;OACE,GAAG,cAAc;OACjB,GACE,cAAc,aACb,gBAAgB,SAAS,MAAM,KAAK;;MAEzC,aAAa,SAAS;MACtB,kBAAkB,SAAS;;;SAEzB,gBAAgB,SAAS,MAAM;MACjC,gBAAgB,SAAS,MAAM,IAC7B,kBAAkB,gBAAgB,SAAS,MAAM;;MAEnD,gBAAgB,SAAS,MAAM,IAAI;;;SAEjC,gBAAgB,SAAS,MAAM;MACjC,gBAAgB,SAAS,MAAM,IAC7B,kBAAkB,gBAAgB,SAAS,MAAM;;MAEnD,gBAAgB,SAAS,MAAM,IAAI;;;;;;SAKpCA;;;KAGL,kBAAiB;;;MAEf;gBACK;;;;;aAKA,aAAa","names":["paths"],"ignoreList":[],"sources":["/Users/D070292/Projects/private/svelte-sankey/src/lib/stores/paths.svelte.ts"],"file":"/Users/D070292/Projects/private/svelte-sankey/src/lib/stores/paths.svelte.ts"},"_coverageSchema":"1a1c01bbd47fc00a2c39e90264f33305004495a9","hash":"0222a5b343a888d796e03852c9b1d3c71e0a6d5c"},"/Users/D070292/Projects/private/svelte-sankey/src/lib/types/index.ts":{"path":"/Users/D070292/Projects/private/svelte-sankey/src/lib/types/index.ts","statementMap":{"0":{"start":{"line":1,"column":34},"end":{"line":5,"column":14}},"1":{"start":{"line":2,"column":2},"end":{"line":2,"column":19}},"2":{"start":{"line":3,"column":2},"end":{"line":3,"column":19}},"3":{"start":{"line":4,"column":2},"end":{"line":4,"column":15}}},"fnMap":{"0":{"name":"(anonymous_0)","decl":{"start":{"line":1,"column":35},"end":{"line":1,"column":36}},"loc":{"start":{"line":1,"column":46},"end":{"line":5,"column":1}},"line":1}},"branchMap":{"0":{"loc":{"start":{"line":5,"column":3},"end":{"line":5,"column":13}},"type":"binary-expr","locations":[{"start":{"line":5,"column":3},"end":{"line":5,"column":7}},{"start":{"line":5,"column":11},"end":{"line":5,"column":13}}],"line":5}},"s":{"0":1,"1":1,"2":1,"3":1},"f":{"0":1},"b":{"0":[1,1]},"inputSourceMap":{"version":3,"sources":["/Users/D070292/Projects/private/svelte-sankey/src/lib/types/index.ts"],"mappings":"AAwCO,WAAK,OAAL,kBAAKA,UAAL;AACH,EAAAA,MAAA,OAAI;AACJ,EAAAA,MAAA,OAAI;AAFI,SAAAA;AAAA,GAAA;","names":["Axis"]},"_coverageSchema":"1a1c01bbd47fc00a2c39e90264f33305004495a9","hash":"4ad43362c555c584fa6af2c5220bce9d71fed98a"},"/Users/D070292/Projects/private/svelte-sankey/src/lib/components/SankeyLine.svelte":{"path":"/Users/D070292/Projects/private/svelte-sankey/src/lib/components/SankeyLine.svelte","statementMap":{"0":{"start":{"line":3,"column":0},"end":{"line":3,"column":22}},"1":{"start":{"line":4,"column":0},"end":{"line":4,"column":64}},"2":{"start":{"line":13,"column":23},"end":{"line":15,"column":1}},"3":{"start":{"line":14,"column":1},"end":{"line":14,"column":54}},"4":{"start":{"line":17,"column":11},"end":{"line":17,"column":235}},"5":{"start":{"line":19,"column":14},"end":{"line":22,"column":1}},"6":{"start":{"line":25,"column":1},"end":{"line":25,"column":28}},"7":{"start":{"line":26,"column":1},"end":{"line":26,"column":35}},"8":{"start":{"line":27,"column":1},"end":{"line":27,"column":34}},"9":{"start":{"line":28,"column":1},"end":{"line":28,"column":55}},"10":{"start":{"line":30,"column":19},"end":{"line":30,"column":37}},"11":{"start":{"line":32,"column":21},"end":{"line":42,"column":2}},"12":{"start":{"line":33,"column":2},"end":{"line":35,"column":3}},"13":{"start":{"line":34,"column":3},"end":{"line":34,"column":16}},"14":{"start":{"line":37,"column":2},"end":{"line":39,"column":3}},"15":{"start":{"line":38,"column":3},"end":{"line":38,"column":32}},"16":{"start":{"line":41,"column":2},"end":{"line":41,"column":11}},"17":{"start":{"line":44,"column":22},"end":{"line":65,"column":2}},"18":{"start":{"line":45,"column":19},"end":{"line":45,"column":42}},"19":{"start":{"line":46,"column":18},"end":{"line":46,"column":19}},"20":{"start":{"line":48,"column":2},"end":{"line":54,"column":3}},"21":{"start":{"line":49,"column":3},"end":{"line":49,"column":12}},"22":{"start":{"line":50,"column":9},"end":{"line":54,"column":3}},"23":{"start":{"line":51,"column":3},"end":{"line":51,"column":31}},"24":{"start":{"line":53,"column":3},"end":{"line":53,"column":47}},"25":{"start":{"line":56,"column":2},"end":{"line":64,"column":4}},"26":{"start":{"line":67,"column":23},"end":{"line":72,"column":2}},"27":{"start":{"line":68,"column":16},"end":{"line":68,"column":17}},"28":{"start":{"line":69,"column":18},"end":{"line":69,"column":41}},"29":{"start":{"line":71,"column":2},"end":{"line":71,"column":72}},"30":{"start":{"line":74,"column":11},"end":{"line":74,"column":36}},"31":{"start":{"line":75,"column":9},"end":{"line":75,"column":35}},"32":{"start":{"line":77,"column":17},"end":{"line":77,"column":40}},"33":{"start":{"line":79,"column":26},"end":{"line":85,"column":3}},"34":{"start":{"line":80,"column":2},"end":{"line":84,"column":3}},"35":{"start":{"line":81,"column":3},"end":{"line":81,"column":13}},"36":{"start":{"line":83,"column":3},"end":{"line":83,"column":27}},"37":{"start":{"line":87,"column":18},"end":{"line":87,"column":41}},"38":{"start":{"line":88,"column":27},"end":{"line":88,"column":33}},"39":{"start":{"line":90,"column":10},"end":{"line":94,"column":3}},"40":{"start":{"line":91,"column":16},"end":{"line":91,"column":83}},"41":{"start":{"line":93,"column":2},"end":{"line":93,"column":35}},"42":{"start":{"line":96,"column":10},"end":{"line":100,"column":3}},"43":{"start":{"line":97,"column":16},"end":{"line":97,"column":83}},"44":{"start":{"line":99,"column":2},"end":{"line":99,"column":35}},"45":{"start":{"line":102,"column":10},"end":{"line":102,"column":94}},"46":{"start":{"line":102,"column":26},"end":{"line":102,"column":93}},"47":{"start":{"line":103,"column":10},"end":{"line":103,"column":94}},"48":{"start":{"line":103,"column":26},"end":{"line":103,"column":93}},"49":{"start":{"line":104,"column":19},"end":{"line":104,"column":93}},"50":{"start":{"line":104,"column":35},"end":{"line":104,"column":92}},"51":{"start":{"line":106,"column":23},"end":{"line":108,"column":2}},"52":{"start":{"line":107,"column":2},"end":{"line":107,"column":54}},"53":{"start":{"line":110,"column":26},"end":{"line":112,"column":2}},"54":{"start":{"line":111,"column":2},"end":{"line":111,"column":59}},"55":{"start":{"line":114,"column":26},"end":{"line":116,"column":2}},"56":{"start":{"line":115,"column":2},"end":{"line":115,"column":59}},"57":{"start":{"line":118,"column":23},"end":{"line":120,"column":2}},"58":{"start":{"line":119,"column":2},"end":{"line":119,"column":52}},"59":{"start":{"line":122,"column":35},"end":{"line":128,"column":2}},"60":{"start":{"line":123,"column":16},"end":{"line":123,"column":73}},"61":{"start":{"line":125,"column":2},"end":{"line":127,"column":5}},"62":{"start":{"line":126,"column":3},"end":{"line":126,"column":64}},"63":{"start":{"line":130,"column":35},"end":{"line":136,"column":2}},"64":{"start":{"line":131,"column":16},"end":{"line":131,"column":73}},"65":{"start":{"line":133,"column":2},"end":{"line":135,"column":5}},"66":{"start":{"line":134,"column":3},"end":{"line":134,"column":56}},"67":{"start":{"line":138,"column":16},"end":{"line":138,"column":22}},"68":{"start":{"line":139,"column":14},"end":{"line":139,"column":37}},"69":{"start":{"line":141,"column":1},"end":{"line":141,"column":32}},"70":{"start":{"line":142,"column":1},"end":{"line":142,"column":51}},"71":{"start":{"line":144,"column":14},"end":{"line":144,"column":31}},"72":{"start":{"line":146,"column":1},"end":{"line":146,"column":109}},"73":{"start":{"line":146,"column":25},"end":{"line":146,"column":107}},"74":{"start":{"line":147,"column":1},"end":{"line":147,"column":109}},"75":{"start":{"line":147,"column":25},"end":{"line":147,"column":107}},"76":{"start":{"line":148,"column":1},"end":{"line":148,"column":89}},"77":{"start":{"line":148,"column":34},"end":{"line":148,"column":61}},"78":{"start":{"line":148,"column":69},"end":{"line":148,"column":87}},"79":{"start":{"line":150,"column":1},"end":{"line":160,"column":4}},"80":{"start":{"line":151,"column":2},"end":{"line":151,"column":51}},"81":{"start":{"line":152,"column":2},"end":{"line":152,"column":75}},"82":{"start":{"line":153,"column":2},"end":{"line":153,"column":52}},"83":{"start":{"line":154,"column":2},"end":{"line":154,"column":51}},"84":{"start":{"line":155,"column":2},"end":{"line":155,"column":88}},"85":{"start":{"line":156,"column":2},"end":{"line":156,"column":56}},"86":{"start":{"line":157,"column":2},"end":{"line":157,"column":73}},"87":{"start":{"line":158,"column":2},"end":{"line":158,"column":60}},"88":{"start":{"line":159,"column":2},"end":{"line":159,"column":71}},"89":{"start":{"line":162,"column":1},"end":{"line":162,"column":44}},"90":{"start":{"line":163,"column":1},"end":{"line":163,"column":41}},"91":{"start":{"line":164,"column":1},"end":{"line":164,"column":49}},"92":{"start":{"line":165,"column":1},"end":{"line":165,"column":49}},"93":{"start":{"line":166,"column":1},"end":{"line":166,"column":30}},"94":{"start":{"line":168,"column":1},"end":{"line":184,"column":4}},"95":{"start":{"line":170,"column":3},"end":{"line":170,"column":16}},"96":{"start":{"line":173,"column":3},"end":{"line":173,"column":16}},"97":{"start":{"line":174,"column":3},"end":{"line":174,"column":18}},"98":{"start":{"line":177,"column":3},"end":{"line":177,"column":17}},"99":{"start":{"line":180,"column":3},"end":{"line":180,"column":17}},"100":{"start":{"line":181,"column":3},"end":{"line":181,"column":18}},"101":{"start":{"line":187,"column":0},"end":{"line":195,"column":1}},"102":{"start":{"line":188,"column":1},"end":{"line":188,"column":64}},"103":{"start":{"line":188,"column":38},"end":{"line":188,"column":62}},"104":{"start":{"line":190,"column":1},"end":{"line":194,"column":4}},"105":{"start":{"line":191,"column":2},"end":{"line":191,"column":37}},"106":{"start":{"line":192,"column":2},"end":{"line":192,"column":58}},"107":{"start":{"line":193,"column":2},"end":{"line":193,"column":66}},"108":{"start":{"line":199,"column":0},"end":{"line":199,"column":30}},"109":{"start":{"line":200,"column":0},"end":{"line":200,"column":34}},"110":{"start":{"line":201,"column":0},"end":{"line":201,"column":162}},"111":{"start":{"line":201,"column":49},"end":{"line":201,"column":162}}},"fnMap":{"0":{"name":"(anonymous_0)","decl":{"start":{"line":13,"column":23},"end":{"line":13,"column":24}},"loc":{"start":{"line":13,"column":43},"end":{"line":15,"column":1}},"line":13},"1":{"name":"SankeyLine","decl":{"start":{"line":24,"column":9},"end":{"line":24,"column":19}},"loc":{"start":{"line":24,"column":39},"end":{"line":185,"column":1}},"line":24},"2":{"name":"(anonymous_2)","decl":{"start":{"line":32,"column":21},"end":{"line":32,"column":22}},"loc":{"start":{"line":32,"column":49},"end":{"line":42,"column":2}},"line":32},"3":{"name":"(anonymous_3)","decl":{"start":{"line":44,"column":22},"end":{"line":44,"column":23}},"loc":{"start":{"line":44,"column":28},"end":{"line":65,"column":2}},"line":44},"4":{"name":"(anonymous_4)","decl":{"start":{"line":67,"column":23},"end":{"line":67,"column":24}},"loc":{"start":{"line":67,"column":43},"end":{"line":72,"column":2}},"line":67},"5":{"name":"(anonymous_5)","decl":{"start":{"line":79,"column":36},"end":{"line":79,"column":37}},"loc":{"start":{"line":79,"column":42},"end":{"line":85,"column":2}},"line":79},"6":{"name":"(anonymous_6)","decl":{"start":{"line":90,"column":20},"end":{"line":90,"column":21}},"loc":{"start":{"line":90,"column":26},"end":{"line":94,"column":2}},"line":90},"7":{"name":"(anonymous_7)","decl":{"start":{"line":96,"column":20},"end":{"line":96,"column":21}},"loc":{"start":{"line":96,"column":26},"end":{"line":100,"column":2}},"line":96},"8":{"name":"(anonymous_8)","decl":{"start":{"line":102,"column":20},"end":{"line":102,"column":21}},"loc":{"start":{"line":102,"column":26},"end":{"line":102,"column":93}},"line":102},"9":{"name":"(anonymous_9)","decl":{"start":{"line":103,"column":20},"end":{"line":103,"column":21}},"loc":{"start":{"line":103,"column":26},"end":{"line":103,"column":93}},"line":103},"10":{"name":"(anonymous_10)","decl":{"start":{"line":104,"column":29},"end":{"line":104,"column":30}},"loc":{"start":{"line":104,"column":35},"end":{"line":104,"column":92}},"line":104},"11":{"name":"(anonymous_11)","decl":{"start":{"line":106,"column":23},"end":{"line":106,"column":24}},"loc":{"start":{"line":106,"column":29},"end":{"line":108,"column":2}},"line":106},"12":{"name":"(anonymous_12)","decl":{"start":{"line":110,"column":26},"end":{"line":110,"column":27}},"loc":{"start":{"line":110,"column":32},"end":{"line":112,"column":2}},"line":110},"13":{"name":"(anonymous_13)","decl":{"start":{"line":114,"column":26},"end":{"line":114,"column":27}},"loc":{"start":{"line":114,"column":32},"end":{"line":116,"column":2}},"line":114},"14":{"name":"(anonymous_14)","decl":{"start":{"line":118,"column":23},"end":{"line":118,"column":24}},"loc":{"start":{"line":118,"column":29},"end":{"line":120,"column":2}},"line":118},"15":{"name":"(anonymous_15)","decl":{"start":{"line":122,"column":35},"end":{"line":122,"column":36}},"loc":{"start":{"line":122,"column":41},"end":{"line":128,"column":2}},"line":122},"16":{"name":"(anonymous_16)","decl":{"start":{"line":125,"column":16},"end":{"line":125,"column":17}},"loc":{"start":{"line":125,"column":26},"end":{"line":127,"column":3}},"line":125},"17":{"name":"(anonymous_17)","decl":{"start":{"line":130,"column":35},"end":{"line":130,"column":36}},"loc":{"start":{"line":130,"column":41},"end":{"line":136,"column":2}},"line":130},"18":{"name":"(anonymous_18)","decl":{"start":{"line":133,"column":16},"end":{"line":133,"column":17}},"loc":{"start":{"line":133,"column":26},"end":{"line":135,"column":3}},"line":133},"19":{"name":"(anonymous_19)","decl":{"start":{"line":146,"column":19},"end":{"line":146,"column":20}},"loc":{"start":{"line":146,"column":25},"end":{"line":146,"column":107}},"line":146},"20":{"name":"(anonymous_20)","decl":{"start":{"line":147,"column":19},"end":{"line":147,"column":20}},"loc":{"start":{"line":147,"column":25},"end":{"line":147,"column":107}},"line":147},"21":{"name":"(anonymous_21)","decl":{"start":{"line":148,"column":21},"end":{"line":148,"column":22}},"loc":{"start":{"line":148,"column":34},"end":{"line":148,"column":61}},"line":148},"22":{"name":"(anonymous_22)","decl":{"start":{"line":148,"column":63},"end":{"line":148,"column":64}},"loc":{"start":{"line":148,"column":69},"end":{"line":148,"column":87}},"line":148},"23":{"name":"(anonymous_23)","decl":{"start":{"line":150,"column":19},"end":{"line":150,"column":20}},"loc":{"start":{"line":150,"column":25},"end":{"line":160,"column":2}},"line":150},"24":{"name":"(anonymous_24)","decl":{"start":{"line":169,"column":2},"end":{"line":169,"column":3}},"loc":{"start":{"line":169,"column":12},"end":{"line":171,"column":3}},"line":169},"25":{"name":"(anonymous_25)","decl":{"start":{"line":172,"column":2},"end":{"line":172,"column":3}},"loc":{"start":{"line":172,"column":19},"end":{"line":175,"column":3}},"line":172},"26":{"name":"(anonymous_26)","decl":{"start":{"line":176,"column":2},"end":{"line":176,"column":3}},"loc":{"start":{"line":176,"column":13},"end":{"line":178,"column":3}},"line":176},"27":{"name":"(anonymous_27)","decl":{"start":{"line":179,"column":2},"end":{"line":179,"column":3}},"loc":{"start":{"line":179,"column":20},"end":{"line":182,"column":3}},"line":179},"28":{"name":"(anonymous_28)","decl":{"start":{"line":188,"column":32},"end":{"line":188,"column":33}},"loc":{"start":{"line":188,"column":38},"end":{"line":188,"column":62}},"line":188},"29":{"name":"(anonymous_29)","decl":{"start":{"line":190,"column":43},"end":{"line":190,"column":44}},"loc":{"start":{"line":190,"column":55},"end":{"line":194,"column":2}},"line":190}},"branchMap":{"0":{"loc":{"start":{"line":33,"column":2},"end":{"line":35,"column":3}},"type":"if","locations":[{"start":{"line":33,"column":2},"end":{"line":35,"column":3}},{"start":{},"end":{}}],"line":33},"1":{"loc":{"start":{"line":33,"column":6},"end":{"line":33,"column":44}},"type":"binary-expr","locations":[{"start":{"line":33,"column":6},"end":{"line":33,"column":35}},{"start":{"line":33,"column":39},"end":{"line":33,"column":44}}],"line":33},"2":{"loc":{"start":{"line":37,"column":2},"end":{"line":39,"column":3}},"type":"if","locations":[{"start":{"line":37,"column":2},"end":{"line":39,"column":3}},{"start":{},"end":{}}],"line":37},"3":{"loc":{"start":{"line":37,"column":6},"end":{"line":37,"column":44}},"type":"binary-expr","locations":[{"start":{"line":37,"column":6},"end":{"line":37,"column":35}},{"start":{"line":37,"column":39},"end":{"line":37,"column":44}}],"line":37},"4":{"loc":{"start":{"line":48,"column":2},"end":{"line":54,"column":3}},"type":"if","locations":[{"start":{"line":48,"column":2},"end":{"line":54,"column":3}},{"start":{"line":50,"column":9},"end":{"line":54,"column":3}}],"line":48},"5":{"loc":{"start":{"line":50,"column":9},"end":{"line":54,"column":3}},"type":"if","locations":[{"start":{"line":50,"column":9},"end":{"line":54,"column":3}},{"start":{"line":52,"column":9},"end":{"line":54,"column":3}}],"line":50},"6":{"loc":{"start":{"line":80,"column":2},"end":{"line":84,"column":3}},"type":"if","locations":[{"start":{"line":80,"column":2},"end":{"line":84,"column":3}},{"start":{"line":82,"column":9},"end":{"line":84,"column":3}}],"line":80},"7":{"loc":{"start":{"line":91,"column":53},"end":{"line":91,"column":74}},"type":"binary-expr","locations":[{"start":{"line":91,"column":53},"end":{"line":91,"column":69}},{"start":{"line":91,"column":73},"end":{"line":91,"column":74}}],"line":91},"8":{"loc":{"start":{"line":97,"column":53},"end":{"line":97,"column":74}},"type":"binary-expr","locations":[{"start":{"line":97,"column":53},"end":{"line":97,"column":69}},{"start":{"line":97,"column":73},"end":{"line":97,"column":74}}],"line":97},"9":{"loc":{"start":{"line":102,"column":63},"end":{"line":102,"column":84}},"type":"binary-expr","locations":[{"start":{"line":102,"column":63},"end":{"line":102,"column":79}},{"start":{"line":102,"column":83},"end":{"line":102,"column":84}}],"line":102},"10":{"loc":{"start":{"line":103,"column":63},"end":{"line":103,"column":84}},"type":"binary-expr","locations":[{"start":{"line":103,"column":63},"end":{"line":103,"column":79}},{"start":{"line":103,"column":83},"end":{"line":103,"column":84}}],"line":103},"11":{"loc":{"start":{"line":146,"column":79},"end":{"line":146,"column":104}},"type":"binary-expr","locations":[{"start":{"line":146,"column":79},"end":{"line":146,"column":98}},{"start":{"line":146,"column":102},"end":{"line":146,"column":104}}],"line":146},"12":{"loc":{"start":{"line":147,"column":79},"end":{"line":147,"column":104}},"type":"binary-expr","locations":[{"start":{"line":147,"column":79},"end":{"line":147,"column":98}},{"start":{"line":147,"column":102},"end":{"line":147,"column":104}}],"line":147},"13":{"loc":{"start":{"line":155,"column":71},"end":{"line":155,"column":82}},"type":"binary-expr","locations":[{"start":{"line":155,"column":71},"end":{"line":155,"column":76}},{"start":{"line":155,"column":80},"end":{"line":155,"column":82}}],"line":155},"14":{"loc":{"start":{"line":187,"column":0},"end":{"line":195,"column":1}},"type":"if","locations":[{"start":{"line":187,"column":0},"end":{"line":195,"column":1}},{"start":{},"end":{}}],"line":187},"15":{"loc":{"start":{"line":201,"column":0},"end":{"line":201,"column":162}},"type":"if","locations":[{"start":{"line":201,"column":0},"end":{"line":201,"column":162}},{"start":{},"end":{}}],"line":201}},"s":{"0":1,"1":1,"2":1,"3":0,"4":1,"5":1,"6":5,"7":5,"8":5,"9":5,"10":5,"11":5,"12":60,"13":27,"14":33,"15":30,"16":3,"17":5,"18":5,"19":5,"20":5,"21":0,"22":5,"23":5,"24":0,"25":5,"26":5,"27":10,"28":10,"29":10,"30":5,"31":5,"32":5,"33":5,"34":5,"35":1,"36":4,"37":5,"38":5,"39":5,"40":15,"41":15,"42":5,"43":15,"44":15,"45":5,"46":15,"47":5,"48":15,"49":5,"50":10,"51":5,"52":0,"53":5,"54":0,"55":5,"56":0,"57":5,"58":0,"59":5,"60":0,"61":0,"62":0,"63":5,"64":0,"65":0,"66":0,"67":5,"68":5,"69":5,"70":5,"71":5,"72":5,"73":5,"74":5,"75":5,"76":5,"77":5,"78":5,"79":5,"80":15,"81":15,"82":15,"83":15,"84":15,"85":15,"86":15,"87":15,"88":15,"89":5,"90":5,"91":5,"92":5,"93":5,"94":5,"95":0,"96":0,"97":0,"98":0,"99":0,"100":0,"101":1,"102":1,"103":5,"104":1,"105":0,"106":0,"107":0,"108":1,"109":1,"110":1,"111":1},"f":{"0":0,"1":5,"2":60,"3":5,"4":10,"5":5,"6":15,"7":15,"8":15,"9":15,"10":10,"11":0,"12":0,"13":0,"14":0,"15":0,"16":0,"17":0,"18":0,"19":5,"20":5,"21":5,"22":5,"23":15,"24":0,"25":0,"26":0,"27":0,"28":5,"29":0},"b":{"0":[27,33],"1":[60,30],"2":[30,3],"3":[33,30],"4":[0,5],"5":[5,0],"6":[1,4],"7":[15,0],"8":[15,0],"9":[15,0],"10":[15,0],"11":[5,0],"12":[5,0],"13":[15,0],"14":[1,0],"15":[1,0]},"inputSourceMap":{"version":3,"mappings":";;;;;;SAIW,IAAI,QAAQ,UAAU;SACtB,UAAU,QAAQ,2BAA2B;SAC7C,UAAU,QAAQ,WAAW;SAC7B,WAAW,QAAQ,4BAA4B;SAC/C,qBAAqB,QAAQ,QAAQ;;MAiGxC,cAAc;OAClB,WAAW,GAAE,SAAS,CAAC,MAAM,CAAC,cAAc;;;;;;;;;;;;;;;;KA3F1C,WAAW;;OAET,WAAW,IACf,KAAyB,EACzB,SAAiB,EACjB,IAAM;sBAEF,IAAI,EAAK,IAAI,CAAC,CAAC,KAAI,KAAK;UACnB,KAAK;;;sBAEV,IAAI,EAAK,IAAI,CAAC,CAAC,KAAI,KAAK;UACnB,KAAK,GAAG,SAAS,GAAG,CAAC;;;SAEvB,CAAC;;;OAGJ,YAAY;QACV,QAAQ,GAAG,UAAU,CAAC,KAAK,CAAC,GAAG;MACjC,SAAS,GAAG,CAAC;;sBACb,QAAQ,CAAC,KAAK,EAAK,CAAC;UACf,CAAC;aACC,QAAQ,EAAE,KAAK,GAAI,WAAW,CAAC,KAAK,CAAC,aAAa;GAC3D,SAAS,GAAG,QAAQ,EAAE,KAAK;;GAE3B,SAAS,GAAG,WAAW,CAAC,KAAK,CAAC,aAAa;;;SAEtC,UAAU;GACf,SAAS;;IACR,WAAW,CAAC,KAAK,CAAC,aAAa;IAAE,WAAW,CAAC,KAAK,CAAC,aAAa;;GACjE,WAAW,CAAC,KAAK,CAAC,QAAQ;GAC1B,WAAW,CAAC,KAAK,CAAC;;;;OAIhB,aAAa,IACjB,EAAU,EACV,EAAU,EACV,EAAU,EACV,EAAI;QAEE,KAAK,GAAG,CAAC;QACT,OAAO,IAAI,EAAE,GAAG,EAAE,KAAK,CAAC,GAAG,KAAK;;aAC3B,EAAE,IAAI,EAAE,KAAK,OAAO,IAAI,EAAE,IAAI,OAAO,IAAI,EAAE,KAAK,EAAE,IAAI,EAAE;;;KAG/D,GAAG;EAAE,IAAI;;KACX,SAAS,aAAY,YAAY;;KACjC,kBAAkB;YAChB,SAAS,KAAI,EAAE;UACV,EAAE;;gBAEF,SAAS;;;;OAId,QAAQ,GAAG,qBAAqB;OAEhC,iBAAiB,GAAG,MAAM;;KAC5B,EAAE;QACE,KAAK,GAAG,WAAW,CAAC,IAAI,GAAC,cAAc,CAAC,CAAC,QAAE,SAAS,KAAI,CAAC,EAAE,IAAI,CAAC,CAAC;;SAChE,KAAK,GAAG,iBAAiB;;;KAE9B,EAAE;QACE,KAAK,GAAG,WAAW,CAAC,IAAI,GAAC,cAAc,CAAC,CAAC,QAAE,SAAS,KAAI,CAAC,EAAE,IAAI,CAAC,CAAC;;SAChE,KAAK,GAAG,iBAAiB;;;KAE9B,EAAE,mBACJ,WAAW,CAAC,IAAI,GAAC,cAAc,CAAC,CAAC,QAAE,SAAS,KAAI,CAAC,EAAE,IAAI,CAAC,CAAC;KAEvD,EAAE,mBACJ,WAAW,CAAC,IAAI,GAAC,cAAc,CAAC,CAAC,QAAE,SAAS,KAAI,CAAC,EAAE,IAAI,CAAC,CAAC;KAEvD,WAAW,mBAAqB,aAAa,OAAC,EAAE,SAAE,EAAE,SAAE,EAAE,SAAE,EAAE;;OAE1D,aAAa;EACjB,QAAQ,CAAC,WAAW,IAAI,GAAG,EAAH,GAAG,IAAE,IAAI,EAAJ,IAAI;;;OAG7B,gBAAgB;EACpB,QAAQ,CAAC,gBAAgB,IAAI,GAAG,EAAH,GAAG,IAAE,IAAI,EAAJ,IAAI;;;OAGlC,gBAAgB;EACpB,QAAQ,CAAC,gBAAgB,IAAI,GAAG,EAAH,GAAG,IAAE,IAAI,EAAJ,IAAI;;;OAGlC,aAAa;QACjB,WAAW,GAAE,SAAS,CAAC,GAAG,CAAC,cAAc;;;OAOrC,yBAAyB;QACvB,KAAU,GAAG,QAAQ,CAAC,gBAAgB,sBAAsB,GAAG;;EACrE,KAAK,CAAC,OAAO,EAAE,IAAS;GACtB,IAAI,CAAC,KAAK,CAAC,WAAW,UAAI,SAAS,IAAG,GAAG,EAAE,QAAQ;;;;OAIjD,yBAAyB;QACvB,KAAU,GAAG,QAAQ,CAAC,gBAAgB,sBAAsB,GAAG;;EACrE,KAAK,CAAC,OAAO,EAAE,IAAS;GACtB,IAAI,CAAC,KAAK,CAAC,WAAW,SAAG,SAAS,EAAC,QAAQ;;;;;;;kBAYtC,aAAa;sBAEV,cAAc;;;;+EASA,GAAG,GAAC,KAAK,CAAC,GAAG,EAAE,CAAC;+EAChB,GAAG,GAAC,KAAK,CAAC,GAAG,EAAE,CAAC;wCAJ/B,WAAW,wBAAX,WAAW;;;qCAVnB,WAAW;sDACgB,kBAAkB;6CAW/B,GAAG;qCAGjB,WAAW;uEAK2B,GAAG;4CAJxB,SAAS;sDACC,SAAS,IAAG,IAAI;wCACxB,IAAI,GAAC,WAAW;8CACV,IAAI,GAAC,gBAAgB;;;6BArBrC,aAAa;0BAKhB,aAAa;+BAER,gBAAgB;+BAChB,gBAAgB","names":[],"ignoreList":[],"sources":["SankeyLine.svelte"]},"_coverageSchema":"1a1c01bbd47fc00a2c39e90264f33305004495a9","hash":"da39da3c03d14169022fb9375692f17a713
[...]
decl":{"start":{"line":147,"column":20},"end":{"line":147,"column":21}},"loc":{"start":{"line":147,"column":26},"end":{"line":147,"column":39}},"line":147},"5":{"name":"(anonymous_5)","decl":{"start":{"line":147,"column":50},"end":{"line":147,"column":51}},"loc":{"start":{"line":147,"column":72},"end":{"line":181,"column":3}},"line":147},"6":{"name":"(anonymous_6)","decl":{"start":{"line":148,"column":15},"end":{"line":148,"column":16}},"loc":{"start":{"line":148,"column":21},"end":{"line":148,"column":40}},"line":148},"7":{"name":"(anonymous_7)","decl":{"start":{"line":152,"column":14},"end":{"line":152,"column":15}},"loc":{"start":{"line":152,"column":20},"end":{"line":152,"column":38}},"line":152},"8":{"name":"(anonymous_8)","decl":{"start":{"line":156,"column":18},"end":{"line":156,"column":19}},"loc":{"start":{"line":156,"column":24},"end":{"line":156,"column":46}},"line":156},"9":{"name":"(anonymous_9)","decl":{"start":{"line":171,"column":4},"end":{"line":171,"column":5}},"loc":{"start":{"line":171,"column":16},"end":{"line":173,"column":5}},"line":171},"10":{"name":"(anonymous_10)","decl":{"start":{"line":174,"column":4},"end":{"line":174,"column":5}},"loc":{"start":{"line":174,"column":19},"end":{"line":176,"column":5}},"line":174},"11":{"name":"(anonymous_11)","decl":{"start":{"line":179,"column":21},"end":{"line":179,"column":22}},"loc":{"start":{"line":179,"column":27},"end":{"line":179,"column":51}},"line":179},"12":{"name":"(anonymous_12)","decl":{"start":{"line":191,"column":2},"end":{"line":191,"column":3}},"loc":{"start":{"line":191,"column":13},"end":{"line":193,"column":3}},"line":191},"13":{"name":"(anonymous_13)","decl":{"start":{"line":194,"column":2},"end":{"line":194,"column":3}},"loc":{"start":{"line":194,"column":20},"end":{"line":197,"column":3}},"line":194},"14":{"name":"(anonymous_14)","decl":{"start":{"line":198,"column":2},"end":{"line":198,"column":3}},"loc":{"start":{"line":198,"column":20},"end":{"line":200,"column":3}},"line":198},"15":{"name":"(anonymous_15)","decl":{"start":{"line":201,"column":2},"end":{"line":201,"column":3}},"loc":{"start":{"line":201,"column":27},"end":{"line":204,"column":3}},"line":201},"16":{"name":"(anonymous_16)","decl":{"start":{"line":205,"column":2},"end":{"line":205,"column":3}},"loc":{"start":{"line":205,"column":23},"end":{"line":207,"column":3}},"line":205},"17":{"name":"(anonymous_17)","decl":{"start":{"line":208,"column":2},"end":{"line":208,"column":3}},"loc":{"start":{"line":208,"column":30},"end":{"line":211,"column":3}},"line":208},"18":{"name":"(anonymous_18)","decl":{"start":{"line":212,"column":2},"end":{"line":212,"column":3}},"loc":{"start":{"line":212,"column":19},"end":{"line":214,"column":3}},"line":212},"19":{"name":"(anonymous_19)","decl":{"start":{"line":215,"column":2},"end":{"line":215,"column":3}},"loc":{"start":{"line":215,"column":26},"end":{"line":218,"column":3}},"line":215},"20":{"name":"(anonymous_20)","decl":{"start":{"line":219,"column":2},"end":{"line":219,"column":3}},"loc":{"start":{"line":219,"column":21},"end":{"line":221,"column":3}},"line":219},"21":{"name":"(anonymous_21)","decl":{"start":{"line":222,"column":2},"end":{"line":222,"column":3}},"loc":{"start":{"line":222,"column":28},"end":{"line":225,"column":3}},"line":222},"22":{"name":"(anonymous_22)","decl":{"start":{"line":231,"column":30},"end":{"line":231,"column":31}},"loc":{"start":{"line":231,"column":36},"end":{"line":231,"column":59}},"line":231},"23":{"name":"(anonymous_23)","decl":{"start":{"line":233,"column":43},"end":{"line":233,"column":44}},"loc":{"start":{"line":233,"column":55},"end":{"line":237,"column":2}},"line":233}},"branchMap":{"0":{"loc":{"start":{"line":230,"column":0},"end":{"line":238,"column":1}},"type":"if","locations":[{"start":{"line":230,"column":0},"end":{"line":238,"column":1}},{"start":{},"end":{}}],"line":230}},"s":{"0":1,"1":1,"2":1,"3":1,"4":1,"5":1,"6":1,"7":1,"8":1,"9":1,"10":1,"11":1,"12":1,"13":4,"14":1,"15":1,"16":1,"17":1,"18":1,"19":1,"20":1,"21":1,"22":1,"23":1,"24":1,"25":1,"26":1,"27":1,"28":1,"29":1,"30":1,"31":1,"32":1,"33":1,"34":1,"35":1,"36":1,"37":1,"38":1,"39":1,"40":1,"41":1,"42":1,"43":1,"44":1,"45":1,"46":1,"47":10,"48":7,"49":42,"50":7,"51":7,"52":35,"53":7,"54":7,"55":42,"56":7,"57":7,"58":7,"59":7,"60":7,"61":7,"62":7,"63":7,"64":7,"65":35,"66":35,"67":7,"68":28,"69":7,"70":1,"71":1,"72":1,"73":1,"74":1,"75":0,"76":0,"77":0,"78":0,"79":0,"80":0,"81":0,"82":0,"83":0,"84":0,"85":0,"86":0,"87":0,"88":0,"89":0,"90":1,"91":1,"92":1,"93":1,"94":0,"95":0,"96":0,"97":1,"98":1},"f":{"0":1,"1":4,"2":1,"3":1,"4":10,"5":7,"6":42,"7":35,"8":42,"9":35,"10":35,"11":28,"12":0,"13":0,"14":0,"15":0,"16":0,"17":0,"18":0,"19":0,"20":0,"21":0,"22":1,"23":0},"b":{"0":[1,0]},"inputSourceMap":{"version":3,"mappings":";;;;;;SACW,YAAY,QAAQ,iCAAiC;SACrD,SAAS,QAAQ,8BAA8B;SAC/C,UAAU,QAAQ,+BAA+B;SACjD,UAAU,QAAQ,+BAA+B;SACjD,UAAU,QAAQ,+BAA+B;SACjD,WAAW,QAAQ,gCAAgC;SACnD,YAAY,QAAQ,iCAAiC;OACvD,cAAc,MAAM,yBAAyB;;;;;;;;;;;;;;;;;;;;;;;;;;;;;;;;;;;;;;;;;;;;KAUhD,MAAM;;CAEV,aAAO;QACL,MAAM;;;KACF,KAAK,EAAE,UAAU,CAAC,KAAK;KAAE,IAAI,EAAE,OAAO;KAAE,QAAQ,EAAE,KAAK;;;KACvD,KAAK,EAAE,SAAS,CAAC,KAAK;KAAE,IAAI,EAAE,MAAM;KAAE,QAAQ,EAAE,KAAK;;;KACrD,KAAK,EAAE,UAAU,CAAC,KAAK;KAAE,IAAI,EAAE,OAAO;KAAE,QAAQ,EAAE,KAAK;;;KACvD,KAAK,EAAE,YAAY,CAAC,KAAK;KAAE,IAAI,EAAE,SAAS;KAAE,QAAQ,EAAE,KAAK;;;KAC3D,KAAK,EAAE,UAAU,CAAC,KAAK;KAAE,IAAI,EAAE,OAAO;KAAE,QAAQ,EAAE,KAAK;;;KACvD,KAAK,EAAE,YAAY,CAAC,KAAK;KAAE,IAAI,EAAE,SAAS;KAAE,QAAQ,EAAE,KAAK;;;KAC3D,KAAK,EAAE,WAAW,CAAC,KAAK;KAAE,IAAI,EAAE,QAAQ;KAAE,QAAQ,EAAE,KAAK;;;;GAP7D,MAAM;;;;KAYN,IAAI;EACJ,WAAW;EACX,cAAc;EACd,UAAU;EACV,YAAY;;;;;YAMT,YAAY;;;;;;;;;;;;;;;;;;;;;;;sBAKuC,IAAI;0BAIjB,WAAW;0BAIX,cAAc;;;;;;cAQpD,UAAU;;;gCAEJ,MAAM;OAAM,KAAM,uBAAN,KAAM;;;;OAAC,IAAK,uBAAL,IAAK;;;;OAAC,QAAS,uBAAT,QAAS;;;;;;;;;;;;;;;;;;;;;;;4CACX,IAAI","names":[],"ignoreList":[],"sources":["Inspector.svelte"]},"_coverageSchema":"1a1c01bbd47fc00a2c39e90264f33305004495a9","hash":"15409a0ba2df0393afdef15c3da48f2f21926b86"},"/Users/D070292/Projects/private/svelte-sankey/src/App.svelte":{"path":"/Users/D070292/Projects/private/svelte-sankey/src/App.svelte","statementMap":{"0":{"start":{"line":3,"column":0},"end":{"line":3,"column":22}},"1":{"start":{"line":4,"column":0},"end":{"line":4,"column":35}},"2":{"start":{"line":17,"column":11},"end":{"line":17,"column":114}},"3":{"start":{"line":19,"column":14},"end":{"line":22,"column":1}},"4":{"start":{"line":25,"column":1},"end":{"line":25,"column":28}},"5":{"start":{"line":26,"column":1},"end":{"line":26,"column":28}},"6":{"start":{"line":27,"column":1},"end":{"line":27,"column":34}},"7":{"start":{"line":28,"column":1},"end":{"line":28,"column":48}},"8":{"start":{"line":30,"column":23},"end":{"line":32,"column":2}},"9":{"start":{"line":31,"column":2},"end":{"line":31,"column":64}},"10":{"start":{"line":34,"column":28},"end":{"line":34,"column":37}},"11":{"start":{"line":36,"column":28},"end":{"line":36,"column":37}},"12":{"start":{"line":39,"column":23},"end":{"line":41,"column":2}},"13":{"start":{"line":40,"column":2},"end":{"line":40,"column":59}},"14":{"start":{"line":43,"column":26},"end":{"line":45,"column":2}},"15":{"start":{"line":44,"column":2},"end":{"line":44,"column":59}},"16":{"start":{"line":47,"column":26},"end":{"line":49,"column":2}},"17":{"start":{"line":48,"column":2},"end":{"line":48,"column":59}},"18":{"start":{"line":51,"column":1},"end":{"line":61,"column":4}},"19":{"start":{"line":52,"column":2},"end":{"line":60,"column":5}},"20":{"start":{"line":53,"column":3},"end":{"line":59,"column":4}},"21":{"start":{"line":54,"column":4},"end":{"line":54,"column":11}},"22":{"start":{"line":55,"column":10},"end":{"line":59,"column":4}},"23":{"start":{"line":56,"column":4},"end":{"line":56,"column":21}},"24":{"start":{"line":58,"column":4},"end":{"line":58,"column":20}},"25":{"start":{"line":63,"column":22},"end":{"line":63,"column":35}},"26":{"start":{"line":64,"column":19},"end":{"line":64,"column":32}},"27":{"start":{"line":65,"column":12},"end":{"line":65,"column":23}},"28":{"start":{"line":66,"column":12},"end":{"line":66,"column":18}},"29":{"start":{"line":67,"column":12},"end":{"line":67,"column":25}},"30":{"start":{"line":69,"column":1},"end":{"line":89,"column":4}},"31":{"start":{"line":71,"column":3},"end":{"line":71,"column":32}},"32":{"start":{"line":74,"column":3},"end":{"line":74,"column":29}},"33":{"start":{"line":77,"column":3},"end":{"line":77,"column":22}},"34":{"start":{"line":91,"column":14},"end":{"line":91,"column":32}},"35":{"start":{"line":94,"column":2},"end":{"line":94,"column":64}},"36":{"start":{"line":94,"column":27},"end":{"line":94,"column":45}},"37":{"start":{"line":95,"column":2},"end":{"line":95,"column":57}},"38":{"start":{"line":95,"column":27},"end":{"line":95,"column":38}},"39":{"start":{"line":96,"column":2},"end":{"line":96,"column":67}},"40":{"start":{"line":96,"column":27},"end":{"line":96,"column":48}},"41":{"start":{"line":98,"column":2},"end":{"line":119,"column":5}},"42":{"start":{"line":102,"column":4},"end":{"line":102,"column":30}},"43":{"start":{"line":105,"column":4},"end":{"line":105,"column":60}},"44":{"start":{"line":108,"column":4},"end":{"line":108,"column":23}},"45":{"start":{"line":111,"column":4},"end":{"line":111,"column":46}},"46":{"start":{"line":114,"column":4},"end":{"line":114,"column":33}},"47":{"start":{"line":117,"column":4},"end":{"line":117,"column":66}},"48":{"start":{"line":122,"column":1},"end":{"line":122,"column":15}},"49":{"start":{"line":123,"column":1},"end":{"line":123,"column":26}},"50":{"start":{"line":124,"column":1},"end":{"line":124,"column":37}},"51":{"start":{"line":127,"column":0},"end":{"line":135,"column":1}},"52":{"start":{"line":128,"column":1},"end":{"line":128,"column":43}},"53":{"start":{"line":128,"column":24},"end":{"line":128,"column":41}},"54":{"start":{"line":130,"column":1},"end":{"line":134,"column":4}},"55":{"start":{"line":131,"column":2},"end":{"line":131,"column":37}},"56":{"start":{"line":132,"column":2},"end":{"line":132,"column":51}},"57":{"start":{"line":133,"column":2},"end":{"line":133,"column":59}},"58":{"start":{"line":139,"column":0},"end":{"line":139,"column":23}},"59":{"start":{"line":140,"column":0},"end":{"line":140,"column":47}}},"fnMap":{"0":{"name":"App","decl":{"start":{"line":24,"column":9},"end":{"line":24,"column":12}},"loc":{"start":{"line":24,"column":32},"end":{"line":125,"column":1}},"line":24},"1":{"name":"(anonymous_1)","decl":{"start":{"line":30,"column":23},"end":{"line":30,"column":24}},"loc":{"start":{"line":30,"column":30},"end":{"line":32,"column":2}},"line":30},"2":{"name":"(anonymous_2)","decl":{"start":{"line":34,"column":28},"end":{"line":34,"column":29}},"loc":{"start":{"line":34,"column":35},"end":{"line":34,"column":37}},"line":34},"3":{"name":"(anonymous_3)","decl":{"start":{"line":36,"column":28},"end":{"line":36,"column":29}},"loc":{"start":{"line":36,"column":35},"end":{"line":36,"column":37}},"line":36},"4":{"name":"(anonymous_4)","decl":{"start":{"line":39,"column":23},"end":{"line":39,"column":24}},"loc":{"start":{"line":39,"column":30},"end":{"line":41,"column":2}},"line":39},"5":{"name":"(anonymous_5)","decl":{"start":{"line":43,"column":26},"end":{"line":43,"column":27}},"loc":{"start":{"line":43,"column":33},"end":{"line":45,"column":2}},"line":43},"6":{"name":"(anonymous_6)","decl":{"start":{"line":47,"column":26},"end":{"line":47,"column":27}},"loc":{"start":{"line":47,"column":33},"end":{"line":49,"column":2}},"line":47},"7":{"name":"(anonymous_7)","decl":{"start":{"line":51,"column":15},"end":{"line":51,"column":16}},"loc":{"start":{"line":51,"column":21},"end":{"line":61,"column":2}},"line":51},"8":{"name":"(anonymous_8)","decl":{"start":{"line":52,"column":36},"end":{"line":52,"column":37}},"loc":{"start":{"line":52,"column":42},"end":{"line":60,"column":3}},"line":52},"9":{"name":"(anonymous_9)","decl":{"start":{"line":70,"column":2},"end":{"line":70,"column":3}},"loc":{"start":{"line":70,"column":23},"end":{"line":72,"column":3}},"line":70},"10":{"name":"(anonymous_10)","decl":{"start":{"line":73,"column":2},"end":{"line":73,"column":3}},"loc":{"start":{"line":73,"column":20},"end":{"line":75,"column":3}},"line":73},"11":{"name":"(anonymous_11)","decl":{"start":{"line":76,"column":2},"end":{"line":76,"column":3}},"loc":{"start":{"line":76,"column":22},"end":{"line":78,"column":3}},"line":76},"12":{"name":"(anonymous_12)","decl":{"start":{"line":94,"column":21},"end":{"line":94,"column":22}},"loc":{"start":{"line":94,"column":27},"end":{"line":94,"column":45}},"line":94},"13":{"name":"(anonymous_13)","decl":{"start":{"line":95,"column":21},"end":{"line":95,"column":22}},"loc":{"start":{"line":95,"column":27},"end":{"line":95,"column":38}},"line":95},"14":{"name":"(anonymous_14)","decl":{"start":{"line":96,"column":21},"end":{"line":96,"column":22}},"loc":{"start":{"line":96,"column":27},"end":{"line":96,"column":48}},"line":96},"15":{"name":"(anonymous_15)","decl":{"start":{"line":101,"column":3},"end":{"line":101,"column":4}},"loc":{"start":{"line":101,"column":21},"end":{"line":103,"column":4}},"line":101},"16":{"name":"(anonymous_16)","decl":{"start":{"line":104,"column":3},"end":{"line":104,"column":4}},"loc":{"start":{"line":104,"column":28},"end":{"line":106,"column":4}},"line":104},"17":{"name":"(anonymous_17)","decl":{"start":{"line":107,"column":3},"end":{"line":107,"column":4}},"loc":{"start":{"line":107,"column":14},"end":{"line":109,"column":4}},"line":107},"18":{"name":"(anonymous_18)","decl":{"start":{"line":110,"column":3},"end":{"line":110,"column":4}},"loc":{"start":{"line":110,"column":21},"end":{"line":112,"column":4}},"line":110},"19":{"name":"(anonymous_19)","decl":{"start":{"line":113,"column":3},"end":{"line":113,"column":4}},"loc":{"start":{"line":113,"column":24},"end":{"line":115,"column":4}},"line":113},"20":{"name":"(anonymous_20)","decl":{"start":{"line":116,"column":3},"end":{"line":116,"column":4}},"loc":{"start":{"line":116,"column":31},"end":{"line":118,"column":4}},"line":116},"21":{"name":"(anonymous_21)","decl":{"start":{"line":128,"column":18},"end":{"line":128,"column":19}},"loc":{"start":{"line":128,"column":24},"end":{"line":128,"column":41}},"line":128},"22":{"name":"(anonymous_22)","decl":{"start":{"line":130,"column":43},"end":{"line":130,"column":44}},"loc":{"start":{"line":130,"column":55},"end":{"line":134,"column":2}},"line":130}},"branchMap":{"0":{"loc":{"start":{"line":53,"column":3},"end":{"line":59,"column":4}},"type":"if","locations":[{"start":{"line":53,"column":3},"end":{"line":59,"column":4}},{"start":{"line":55,"column":10},"end":{"line":59,"column":4}}],"line":53},"1":{"loc":{"start":{"line":55,"column":10},"end":{"line":59,"column":4}},"type":"if","locations":[{"start":{"line":55,"column":10},"end":{"line":59,"column":4}},{"start":{"line":57,"column":10},"end":{"line":59,"column":4}}],"line":55},"2":{"loc":{"start":{"line":127,"column":0},"end":{"line":135,"column":1}},"type":"if","locations":[{"start":{"line":127,"column":0},"end":{"line":135,"column":1}},{"start":{},"end":{}}],"line":127}},"s":{"0":1,"1":1,"2":1,"3":1,"4":1,"5":1,"6":1,"7":1,"8":1,"9":0,"10":1,"11":1,"12":1,"13":0,"14":1,"15":0,"16":1,"17":0,"18":1,"19":1,"20":0,"21":0,"22":0,"23":0,"24":0,"25":1,"26":1,"27":1,"28":1,"29":1,"30":1,"31":2,"32":2,"33":2,"34":1,"35":1,"36":1,"37":1,"38":1,"39":1,"40":1,"41":1,"42":3,"43":0,"44":2,"45":0,"46":3,"47":0,"48":1,"49":1,"50":1,"51":1,"52":1,"53":1,"54":1,"55":0,"56":0,"57":0,"58":1,"59":1},"f":{"0":1,"1":0,"2":0,"3":0,"4":0,"5":0,"6":0,"7":1,"8":0,"9":2,"10":2,"11":2,"12":1,"13":1,"14":1,"15":3,"16":0,"17":2,"18":0,"19":3,"20":0,"21":1,"22":0},"b":{"0":[0,0],"1":[0,0],"2":[1,0]},"inputSourceMap":{"version":3,"mappings":";;;;;;OACS,aAAa;SACX,UAAU,IAAI,IAAI,QAAQ,+BAA+B;SACzD,UAAU,IAAI,UAAU,QAAQ,2BAA2B;SAC3D,UAAU,IAAI,aAAa,QAAQ,8BAA8B;;OAEnE,gBAAgB,MAAM,oCAAoC;OAC1D,gBAAgB,MAAM,oCAAoC;OAC1D,eAAe,MAAM,8BAA8B;OACnD,WAAW,MAAM,qCAAqC;;;;;;;;;;;;;;;OAEvD,aAAa,IAAI,CAAM;EAC3B,OAAO,CAAC,GAAG,mCAAC,CAAC,CAAC,MAAM,CAAC,IAAI;;;OAGrB,kBAAkB,IAAI,CAAM;;OAI5B,kBAAkB,IAAI,CAAM;;;OAI5B,aAAa,IAAI,CAAM;EAC3B,OAAO,CAAC,GAAG,mCAAC,CAAC,CAAC,MAAM;;;OAGhB,gBAAgB,IAAI,CAAM;EAC9B,OAAO,CAAC,GAAG,mCAAC,CAAC,CAAC,MAAM;;;OAGhB,gBAAgB,IAAI,CAAM;EAC9B,OAAO,CAAC,GAAG,mCAAC,CAAC,CAAC,MAAM;;;CAItB,aAAO;EACL,MAAM,CAAC,gBAAgB,CAAC,QAAQ;OAC1B,MAAM,CAAC,UAAU,GAAG,IAAI;;cAEjB,MAAM,CAAC,UAAU,GAAG,GAAG;UAChC,IAAI,EAAG,GAAG;;UAEV,IAAI,EAAG,EAAE;;;;;KAKX,cAAc,WAAU,IAAI;KAC5B,WAAW,WAAU,IAAI;KACzB,IAAI,WAAU,EAAE;;;;;;gBAKF,cAAc;;;gBACjB,WAAW;;;gBACT,IAAI;;iBACJ,CAAC;aACL,IAAI;;cACD,aAAa;qBACN,kBAAkB;qBAClB,kBAAkB;cACzB,aAAa;mBACR,gBAAgB;mBAChB,gBAAgB;;;;;;;;;;;;eAWvB,IAAI;iBACF,IAAI","names":[],"ignoreList":[],"sources":["App.svelte"]},"_coverageSchema":"1a1c01bbd47fc00a2c39e90264f33305004495a9","hash":"fa470320385e077fb139ad4db2d3117c0547893c"},"/Users/D070292/Projects/private/svelte-sankey/src/testdata/TestPage.svelte":{"path":"/Users/D070292/Projects/private/svelte-sankey/src/testdata/TestPage.svelte","statementMap":{"0":{"start":{"line":4,"column":0},"end":{"line":4,"column":22}},"1":{"start":{"line":5,"column":0},"end":{"line":5,"column":54}},"2":{"start":{"line":11,"column":1},"end":{"line":11,"column":28}},"3":{"start":{"line":12,"column":1},"end":{"line":12,"column":34}},"4":{"start":{"line":14,"column":16},"end":{"line":14,"column":27}},"5":{"start":{"line":15,"column":12},"end":{"line":15,"column":35}},"6":{"start":{"line":17,"column":1},"end":{"line":17,"column":15}},"7":{"start":{"line":18,"column":1},"end":{"line":18,"column":30}},"8":{"start":{"line":19,"column":1},"end":{"line":19,"column":37}},"9":{"start":{"line":22,"column":0},"end":{"line":29,"column":1}},"10":{"start":{"line":23,"column":1},"end":{"line":23,"column":58}},"11":{"start":{"line":23,"column":34},"end":{"line":23,"column":56}},"12":{"start":{"line":25,"column":1},"end":{"line":28,"column":4}},"13":{"start":{"line":26,"column":2},"end":{"line":26,"column":56}},"14":{"start":{"line":27,"column":2},"end":{"line":27,"column":64}},"15":{"start":{"line":33,"column":0},"end":{"line":33,"column":28}},"16":{"start":{"line":34,"column":0},"end":{"line":34,"column":52}}},"fnMap":{"0":{"name":"TestPage","decl":{"start":{"line":10,"column":9},"end":{"line":10,"column":17}},"loc":{"start":{"line":10,"column":37},"end":{"line":20,"column":1}},"line":10},"1":{"name":"(anonymous_1)","decl":{"start":{"line":23,"column":28},"end":{"line":23,"column":29}},"loc":{"start":{"line":23,"column":34},"end":{"line":23,"column":56}},"line":23},"2":{"name":"(anonymous_2)","decl":{"start":{"line":25,"column":43},"end":{"line":25,"column":44}},"loc":{"start":{"line":25,"column":55},"end":{"line":28,"column":2}},"line":25}},"branchMap":{"0":{"loc":{"start":{"line":22,"column":0},"end":{"line":29,"column":1}},"type":"if","locations":[{"start":{"line":22,"column":0},"end":{"line":29,"column":1}},{"start":{},"end":{}}],"line":22}},"s":{"0":1,"1":1,"2":1,"3":1,"4":1,"5":1,"6":1,"7":1,"8":1,"9":1,"10":1,"11":1,"12":1,"13":0,"14":0,"15":1,"16":1},"f":{"0":1,"1":1,"2":0},"b":{"0":[1,0]},"inputSourceMap":{"version":3,"mappings":";;;;;;;OACS,GAAG,MAAM,eAAe","names":[],"ignoreList":[],"sources":["TestPage.svelte"]},"_coverageSchema":"1a1c01bbd47fc00a2c39e90264f33305004495a9","hash":"9b93cc4f104ea18c1f205b0ae6947ab39bcbb78a"},"/Users/D070292/Projects/private/svelte-sankey/src/testdata/main-test.ts":{"path":"/Users/D070292/Projects/private/svelte-sankey/src/testdata/main-test.ts","statementMap":{"0":{"start":{"line":3,"column":12},"end":{"line":3,"column":75}}},"fnMap":{},"branchMap":{},"s":{"0":1},"f":{},"b":{},"inputSourceMap":{"version":3,"sources":["/Users/D070292/Projects/private/svelte-sankey/src/testdata/main-test.ts"],"mappings":"AAAA,SAAS,aAAa;AACtB,OAAO,cAAc;AAErB,MAAM,MAAM,MAAM,UAAU,EAAE,QAAQ,SAAS,eAAe,SAAS,EAAG,CAAC;AAE3E,eAAe;","names":[]},"_coverageSchema":"1a1c01bbd47fc00a2c39e90264f33305004495a9","hash":"626617143d2a74f89e0ffbdcab7d75afa53bb79a"}}